#
# There is insufficient memory for the Java Runtime Environment to continue.
# Native memory allocation (mmap) failed to map 134217728 bytes for G1 virtual space
# Possible reasons:
#   The system is out of physical RAM or swap space
#   The process is running with CompressedOops enabled, and the Java Heap may be blocking the growth of the native heap
# Possible solutions:
#   Reduce memory load on the system
#   Increase physical memory or swap space
#   Check if swap backing store is full
#   Decrease Java heap size (-Xmx/-Xms)
#   Decrease number of Java threads
#   Decrease Java thread stack sizes (-Xss)
#   Set larger code cache with -XX:ReservedCodeCacheSize=
#   JVM is running with Unscaled Compressed Oops mode in which the Java heap is
#     placed in the first 4GB address space. The Java Heap base address is the
#     maximum limit for the native heap growth. Please use -XX:HeapBaseMinAddress
#     to set the Java Heap base and to place the Java Heap above 4GB virtual address.
# This output file may be truncated or incomplete.
#
#  Out of Memory Error (os_windows.cpp:3466), pid=16604, tid=19544
#
# JRE version:  (16.0.2+7) (build )
# Java VM: Java HotSpot(TM) 64-Bit Server VM (16.0.2+7-67, mixed mode, sharing, tiered, compressed oops, compressed class ptrs, g1 gc, windows-amd64)
# No core dump will be written. Minidumps are not enabled by default on client versions of Windows
#

---------------  S U M M A R Y ------------

Command Line: UI.Home

Host: Intel(R) Core(TM) i5-5250U CPU @ 1.60GHz, 4 cores, 7G,  Windows 10 , 64 bit Build 18362 (10.0.18362.1500)
Time: Wed Feb 23 10:43:07 2022 Eastern Standard Time elapsed time: 0.167844 seconds (0d 0h 0m 0s)

---------------  T H R E A D  ---------------

Current thread (0x000001e6250f07d0):  JavaThread "Unknown thread" [_thread_in_vm, id=19544, stack(0x000000882d400000,0x000000882d500000)]

Stack: [0x000000882d400000,0x000000882d500000]
Native frames: (J=compiled Java code, j=interpreted, Vv=VM code, C=native code)
V  [jvm.dll+0x6681ca]
V  [jvm.dll+0x7c9e69]
V  [jvm.dll+0x7cb61e]
V  [jvm.dll+0x7cbc73]
V  [jvm.dll+0x242c55]
V  [jvm.dll+0x664f89]
V  [jvm.dll+0x659b75]
V  [jvm.dll+0x2fbfbb]
V  [jvm.dll+0x3031b6]
V  [jvm.dll+0x35299e]
V  [jvm.dll+0x352bcf]
V  [jvm.dll+0x2d3028]
V  [jvm.dll+0x2d4264]
V  [jvm.dll+0x79c741]
V  [jvm.dll+0x360791]
V  [jvm.dll+0x77a3f0]
V  [jvm.dll+0x3e4e8f]
V  [jvm.dll+0x3e6961]
C  [jli.dll+0x52fb]
C  [ucrtbase.dll+0x210b2]
C  [KERNEL32.DLL+0x17c24]
C  [ntdll.dll+0x6d721]


---------------  P R O C E S S  ---------------

Threads class SMR info:
_java_thread_list=0x00007ff9280dcbb8, length=0, elements={
}

Java Threads: ( => current thread )

Other Threads:
  0x000001e62512e160 GCTaskThread "GC Thread#0" [stack: 0x000000882d500000,0x000000882d600000] [id=21780]
  0x000001e62513ffb0 ConcurrentGCThread "G1 Main Marker" [stack: 0x000000882d600000,0x000000882d700000] [id=4312]
  0x000001e625140aa0 ConcurrentGCThread "G1 Conc#0" [stack: 0x000000882d700000,0x000000882d800000] [id=13468]

[error occurred during error reporting (printing all threads), id 0xc0000005, EXCEPTION_ACCESS_VIOLATION (0xc0000005) at pc=0x00007ff9278b3ee7]

VM state: not at safepoint (not fully initialized)

VM Mutex/Monitor currently owned by a thread:  ([mutex/lock_event])
[0x000001e6250ecd70] Heap_lock - owner thread: 0x000001e6250f07d0

Heap address: 0x0000000081800000, size: 2024 MB, Compressed Oops mode: 32-bit

CDS archive(s) mapped at: [0x0000000000000000-0x0000000000000000-0x0000000000000000), size 0, SharedBaseAddress: 0x0000000800000000, ArchiveRelocationMode: 0.
Narrow klass base: 0x0000000000000000, Narrow klass shift: 0, Narrow klass range: 0x0

GC Precious Log:
<Empty>

Heap:
 garbage-first heap   total 0K, used 0K [0x0000000081800000, 0x0000000100000000)
  region size 1024K, 0 young (0K), 0 survivors (0K)

[error occurred during error reporting (printing heap information), id 0xc0000005, EXCEPTION_ACCESS_VIOLATION (0xc0000005) at pc=0x00007ff927c91eed]

GC Heap History (0 events):
No events

Deoptimization events (0 events):
No events

Classes unloaded (0 events):
No events

Classes redefined (0 events):
No events

Internal exceptions (0 events):
No events

Events (1 events):
Event: 0.144 Loaded shared library C:\Program Files\Java\jdk-16.0.2\bin\java.dll


Dynamic libraries:
0x00007ff7dad20000 - 0x00007ff7dad30000 	C:\Program Files\Java\jdk-16.0.2\bin\java.exe
0x00007ff984d40000 - 0x00007ff984f30000 	C:\WINDOWS\SYSTEM32\ntdll.dll
0x00007ff982e10000 - 0x00007ff982ec2000 	C:\WINDOWS\System32\KERNEL32.DLL
0x00007ff981d80000 - 0x00007ff982025000 	C:\WINDOWS\System32\KERNELBASE.dll
0x00007ff982cf0000 - 0x00007ff982dea000 	C:\WINDOWS\System32\ucrtbase.dll
0x00007ff970390000 - 0x00007ff9703a8000 	C:\Program Files\Java\jdk-16.0.2\bin\jli.dll
0x00007ff972650000 - 0x00007ff972669000 	C:\Program Files\Java\jdk-16.0.2\bin\VCRUNTIME140.dll
0x00007ff983970000 - 0x00007ff983a13000 	C:\WINDOWS\System32\ADVAPI32.dll
0x00007ff9838d0000 - 0x00007ff98396e000 	C:\WINDOWS\System32\msvcrt.dll
0x00007ff983a20000 - 0x00007ff983ab7000 	C:\WINDOWS\System32\sechost.dll
0x00007ff9849f0000 - 0x00007ff984b0f000 	C:\WINDOWS\System32\RPCRT4.dll
0x00007ff984b20000 - 0x00007ff984cb4000 	C:\WINDOWS\System32\USER32.dll
0x00007ff982440000 - 0x00007ff982461000 	C:\WINDOWS\System32\win32u.dll
0x00007ff984cc0000 - 0x00007ff984ce6000 	C:\WINDOWS\System32\GDI32.dll
0x00007ff982080000 - 0x00007ff982218000 	C:\WINDOWS\System32\gdi32full.dll
0x00007ff973370000 - 0x00007ff9735f4000 	C:\WINDOWS\WinSxS\amd64_microsoft.windows.common-controls_6595b64144ccf1df_6.0.18362.1556_none_9e7e372fe45e41d5\COMCTL32.dll
0x00007ff982470000 - 0x00007ff98250e000 	C:\WINDOWS\System32\msvcp_win.dll
0x00007ff983590000 - 0x00007ff9838c6000 	C:\WINDOWS\System32\combase.dll
0x00007ff9823b0000 - 0x00007ff982431000 	C:\WINDOWS\System32\bcryptPrimitives.dll
0x00007ff96d5d0000 - 0x00007ff96d5da000 	C:\WINDOWS\SYSTEM32\VERSION.dll
0x00007ff9843b0000 - 0x00007ff9843de000 	C:\WINDOWS\System32\IMM32.DLL
0x00007ff97b6f0000 - 0x00007ff97b6fc000 	C:\Program Files\Java\jdk-16.0.2\bin\vcruntime140_1.dll
0x00007ff966250000 - 0x00007ff9662e1000 	C:\Program Files\Java\jdk-16.0.2\bin\msvcp140.dll
0x00007ff9275d0000 - 0x00007ff92817b000 	C:\Program Files\Java\jdk-16.0.2\bin\server\jvm.dll
0x00007ff984b10000 - 0x00007ff984b18000 	C:\WINDOWS\System32\PSAPI.DLL
0x00007ff97f990000 - 0x00007ff97f9b4000 	C:\WINDOWS\SYSTEM32\WINMM.dll
0x00007ff97b7a0000 - 0x00007ff97b7a9000 	C:\WINDOWS\SYSTEM32\WSOCK32.dll
0x00007ff9848b0000 - 0x00007ff98491f000 	C:\WINDOWS\System32\WS2_32.dll
0x00007ff97f860000 - 0x00007ff97f88d000 	C:\WINDOWS\SYSTEM32\WINMMBASE.dll
0x00007ff982030000 - 0x00007ff98207a000 	C:\WINDOWS\System32\cfgmgr32.dll
0x00007ff981c20000 - 0x00007ff981c31000 	C:\WINDOWS\System32\kernel.appcore.dll
0x00007ff97b500000 - 0x00007ff97b50a000 	C:\Program Files\Java\jdk-16.0.2\bin\jimage.dll
0x00007ff9736e0000 - 0x00007ff9738d4000 	C:\WINDOWS\SYSTEM32\DBGHELP.DLL
0x00007ff96b860000 - 0x00007ff96b88a000 	C:\WINDOWS\SYSTEM32\dbgcore.DLL
0x00007ff970440000 - 0x00007ff970465000 	C:\Program Files\Java\jdk-16.0.2\bin\java.dll

dbghelp: loaded successfully - version: 4.0.5 - missing functions: none
symbol engine: initialized successfully - sym options: 0x614 - pdb path: .;C:\Program Files\Java\jdk-16.0.2\bin;C:\WINDOWS\SYSTEM32;C:\WINDOWS\WinSxS\amd64_microsoft.windows.common-controls_6595b64144ccf1df_6.0.18362.1556_none_9e7e372fe45e41d5;C:\Program Files\Java\jdk-16.0.2\bin\server

VM Arguments:
java_command: UI.Home
java_class_path (initial): C:\Users\Owner\Desktop\Visual II\FinalProject\target\classes;C:\Users\Owner\.m2\repository\net\jacobpeterson\alpaca-java\8.3.3\alpaca-java-8.3.3.jar;C:\Users\Owner\.m2\repository\org\slf4j\slf4j-api\1.7.31\slf4j-api-1.7.31.jar;C:\Users\Owner\.m2\repository\org\slf4j\jcl-over-slf4j\1.7.31\jcl-over-slf4j-1.7.31.jar;C:\Users\Owner\.m2\repository\com\google\guava\guava\30.1.1-jre\guava-30.1.1-jre.jar;C:\Users\Owner\.m2\repository\com\google\guava\failureaccess\1.0.1\failureaccess-1.0.1.jar;C:\Users\Owner\.m2\repository\com\google\guava\listenablefuture\9999.0-empty-to-avoid-conflict-with-guava\listenablefuture-9999.0-empty-to-avoid-conflict-with-guava.jar;C:\Users\Owner\.m2\repository\com\google\code\findbugs\jsr305\3.0.2\jsr305-3.0.2.jar;C:\Users\Owner\.m2\repository\org\checkerframework\checker-qual\3.8.0\checker-qual-3.8.0.jar;C:\Users\Owner\.m2\repository\com\google\errorprone\error_prone_annotations\2.5.1\error_prone_annotations-2.5.1.jar;C:\Users\Owner\.m2\repository\com\google\j2objc\j2objc-annotations\1.3\j2objc-annotations-1.3.jar;C:\Users\Owner\.m2\repository\com\google\code\gson\gson\2.8.7\gson-2.8.7.jar;C:\Users\Owner\.m2\repository\com\squareup\okhttp3\okhttp\4.9.1\okhttp-4.9.1.jar;C:\Users\Owner\.m2\repository\com\squareup\okio\okio\2.8.0\okio-2.8.0.jar;C:\Users\Owner\.m2\repository\org\jetbrains\kotlin\kotlin-stdlib-common\1.4.0\kotlin-stdlib-common-1.4.0.jar;C:\Users\Owner\.m2\repository\org\jetbrains\kotlin\kotlin-stdlib\1.4.10\kotlin-stdlib-1.4.10.jar;C:\Users\Owner\.m2\repository\org\jetbrains\annotations\13.0\annotations-13.0.jar;C:\Users\Owner\.m2\repository\com\github\devcsrj\slf4j-okhttp3-logging-interceptor\1.0.1\slf4j-okhttp3-logging-interceptor-1.0.1.jar;C:\Users\Owner\.m2\repository\org\jsmpp\jsmpp-examples\2.3.11\jsmpp-examples-2.3.11.jar;C:\Users\Owner\.m2\repository\org\jsmpp\jsmpp\2.3.11\jsmpp-2.3.11.jar;C:\Users\Owner\.m2\repository\net\freeutils\jcharset\2.1\jcharset-2.1.jar;C:\Users\Owner\.m2\repository\org\
Launcher Type: SUN_STANDARD

[Global flags]
     intx CICompilerCount                          = 3                                         {product} {ergonomic}
     uint ConcGCThreads                            = 1                                         {product} {ergonomic}
     uint G1ConcRefinementThreads                  = 4                                         {product} {ergonomic}
   size_t G1HeapRegionSize                         = 1048576                                   {product} {ergonomic}
    uintx GCDrainStackTargetSize                   = 64                                        {product} {ergonomic}
   size_t InitialHeapSize                          = 134217728                                 {product} {ergonomic}
   size_t MarkStackSize                            = 4194304                                   {product} {ergonomic}
   size_t MaxHeapSize                              = 2122317824                                {product} {ergonomic}
   size_t MinHeapDeltaBytes                        = 1048576                                   {product} {ergonomic}
   size_t MinHeapSize                              = 8388608                                   {product} {ergonomic}
    uintx NonNMethodCodeHeapSize                   = 5832780                                {pd product} {ergonomic}
    uintx NonProfiledCodeHeapSize                  = 122912730                              {pd product} {ergonomic}
    uintx ProfiledCodeHeapSize                     = 122912730                              {pd product} {ergonomic}
    uintx ReservedCodeCacheSize                    = 251658240                              {pd product} {ergonomic}
     bool SegmentedCodeCache                       = true                                      {product} {ergonomic}
   size_t SoftMaxHeapSize                          = 2122317824                             {manageable} {ergonomic}
     bool UseCompressedClassPointers               = true                           {product lp64_product} {ergonomic}
     bool UseCompressedOops                        = true                           {product lp64_product} {ergonomic}
     bool UseG1GC                                  = true                                      {product} {ergonomic}
     bool UseLargePagesIndividualAllocation        = false                                  {pd product} {ergonomic}

Logging:
Log output configuration:
 #0: stdout all=warning uptime,level,tags
 #1: stderr all=off uptime,level,tags

Environment Variables:
JAVA_HOME=C:\Program Files\Java\jdk-16.0.2
PATH=C:\Program Files\Common Files\Oracle\Java\javapath;C:\WINDOWS\system32;C:\WINDOWS;C:\WINDOWS\System32\Wbem;C:\WINDOWS\System32\WindowsPowerShell\v1.0\;C:\WINDOWS\System32\OpenSSH\;C:\MinGW\bin;"C:\MinGW\msys\1.0\bin;";C:\Program Files\PuTTY\;C:\Users\Owner\AppData\Local\Microsoft\WindowsApps;C:\Users\Owner\Desktop\Microsoft VS Code\bin;C:\Users\Owner\AppData\Local\atom\bin
USERNAME=Owner
OS=Windows_NT
PROCESSOR_IDENTIFIER=Intel64 Family 6 Model 61 Stepping 4, GenuineIntel



---------------  S Y S T E M  ---------------

OS:
 Windows 10 , 64 bit Build 18362 (10.0.18362.1500)
OS uptime: 6 days 21:39 hours

CPU: total 4 (initial active 4) (2 cores per cpu, 2 threads per core) family 6 model 61 stepping 4 microcode 0x2f, cx8, cmov, fxsr, ht, mmx, 3dnowpref, sse, sse2, sse3, ssse3, sse4.1, sse4.2, popcnt, lzcnt, tsc, tscinvbit, avx, avx2, aes, erms, clmul, bmi1, bmi2, adx, fma, vzeroupper, clflush

Memory: 4k page, system-wide physical 8094M (1236M free)
TotalPageFile size 10366M (AvailPageFile size 45M)
current process WorkingSet (physical memory assigned to process): 10M, peak: 10M
current process commit charge ("private bytes"): 51M, peak: 179M

vm_info: Java HotSpot(TM) 64-Bit Server VM (16.0.2+7-67) for windows-amd64 JRE (16.0.2+7-67), built on Jun  8 2021 23:24:19 by "mach5one" with MS VC++ 16.7 (VS2019)

END.
