#
# There is insufficient memory for the Java Runtime Environment to continue.
# Native memory allocation (mmap) failed to map 65536 bytes for Failed to commit metaspace.
# Possible reasons:
#   The system is out of physical RAM or swap space
#   The process is running with CompressedOops enabled, and the Java Heap may be blocking the growth of the native heap
# Possible solutions:
#   Reduce memory load on the system
#   Increase physical memory or swap space
#   Check if swap backing store is full
#   Decrease Java heap size (-Xmx/-Xms)
#   Decrease number of Java threads
#   Decrease Java thread stack sizes (-Xss)
#   Set larger code cache with -XX:ReservedCodeCacheSize=
#   JVM is running with Unscaled Compressed Oops mode in which the Java heap is
#     placed in the first 4GB address space. The Java Heap base address is the
#     maximum limit for the native heap growth. Please use -XX:HeapBaseMinAddress
#     to set the Java Heap base and to place the Java Heap above 4GB virtual address.
# This output file may be truncated or incomplete.
#
#  Out of Memory Error (virtualSpaceNode.cpp:108), pid=16032, tid=8948
#
# JRE version: Java(TM) SE Runtime Environment (16.0.2+7) (build 16.0.2+7-67)
# Java VM: Java HotSpot(TM) 64-Bit Server VM (16.0.2+7-67, mixed mode, tiered, compressed oops, compressed class ptrs, g1 gc, windows-amd64)
# No core dump will be written. Minidumps are not enabled by default on client versions of Windows
#

---------------  S U M M A R Y ------------

Command Line: UI.Home

Host: Intel(R) Core(TM) i5-5250U CPU @ 1.60GHz, 4 cores, 7G,  Windows 10 , 64 bit Build 18362 (10.0.18362.1500)
Time: Thu Mar 24 22:15:45 2022 Eastern Daylight Time elapsed time: 0.226969 seconds (0d 0h 0m 0s)

---------------  T H R E A D  ---------------

Current thread (0x000001b77fd222c0):  JavaThread "main" [_thread_in_vm, id=8948, stack(0x000000a92fd00000,0x000000a92fe00000)]

Stack: [0x000000a92fd00000,0x000000a92fe00000]
Native frames: (J=compiled Java code, j=interpreted, Vv=VM code, C=native code)
V  [jvm.dll+0x6681ca]
V  [jvm.dll+0x7c9e69]
V  [jvm.dll+0x7cb61e]
V  [jvm.dll+0x7cbc73]
V  [jvm.dll+0x242c55]
V  [jvm.dll+0x7c64eb]
V  [jvm.dll+0x60ddd6]
V  [jvm.dll+0x60de3a]
V  [jvm.dll+0x61046a]
V  [jvm.dll+0x60e6d1]
V  [jvm.dll+0x23709f]
V  [jvm.dll+0x618d55]
V  [jvm.dll+0x1e97ef]
V  [jvm.dll+0x1e9d25]
V  [jvm.dll+0x1ea8af]
V  [jvm.dll+0x1df631]
V  [jvm.dll+0x535ff8]
V  [jvm.dll+0x1f0d52]
V  [jvm.dll+0x741863]
V  [jvm.dll+0x743108]
V  [jvm.dll+0x74396d]
V  [jvm.dll+0x1eaee7]
V  [jvm.dll+0x1df64a]
V  [jvm.dll+0x535ff8]
V  [jvm.dll+0x1f0d52]
V  [jvm.dll+0x741863]
V  [jvm.dll+0x743108]
V  [jvm.dll+0x743433]
V  [jvm.dll+0x23ab24]
V  [jvm.dll+0x375531]
C  0x000001b7076dc224

Java frames: (J=compiled Java code, j=interpreted, Vv=VM code)
j  java.util.concurrent.ConcurrentHashMap.values()Ljava/util/Collection;+12 java.base@16.0.2
j  jdk.internal.loader.BuiltinClassLoader$2.run()Ljava/util/List;+9 java.base@16.0.2
j  jdk.internal.loader.BuiltinClassLoader$2.run()Ljava/lang/Object;+1 java.base@16.0.2
j  java.security.AccessController.executePrivileged(Ljava/security/PrivilegedExceptionAction;Ljava/security/AccessControlContext;Ljava/lang/Class;)Ljava/lang/Object;+29 java.base@16.0.2
j  java.security.AccessController.doPrivileged(Ljava/security/PrivilegedExceptionAction;)Ljava/lang/Object;+9 java.base@16.0.2
j  jdk.internal.loader.BuiltinClassLoader.findMiscResource(Ljava/lang/String;)Ljava/util/List;+83 java.base@16.0.2
j  jdk.internal.loader.BuiltinClassLoader.findResources(Ljava/lang/String;)Ljava/util/Enumeration;+107 java.base@16.0.2
j  jdk.internal.loader.BootLoader.findResources(Ljava/lang/String;)Ljava/util/Enumeration;+4 java.base@16.0.2
j  java.lang.ClassLoader.getResources(Ljava/lang/String;)Ljava/util/Enumeration;+34 java.base@16.0.2
j  java.lang.ClassLoader.getResources(Ljava/lang/String;)Ljava/util/Enumeration;+24 java.base@16.0.2
j  java.util.ServiceLoader$LazyClassPathLookupIterator.nextProviderClass()Ljava/lang/Class;+106 java.base@16.0.2
j  java.util.ServiceLoader$LazyClassPathLookupIterator.hasNextService()Z+15 java.base@16.0.2
j  java.util.ServiceLoader$LazyClassPathLookupIterator.hasNext()Z+11 java.base@16.0.2
j  java.util.ServiceLoader$2.hasNext()Z+16 java.base@16.0.2
j  java.util.ServiceLoader$3.hasNext()Z+32 java.base@16.0.2
j  jdk.internal.logger.BootstrapLogger$DetectBackend$1.run()Ljdk/internal/logger/BootstrapLogger$LoggingBackend;+13 java.base@16.0.2
j  jdk.internal.logger.BootstrapLogger$DetectBackend$1.run()Ljava/lang/Object;+1 java.base@16.0.2
j  java.security.AccessController.executePrivileged(Ljava/security/PrivilegedAction;Ljava/security/AccessControlContext;Ljava/lang/Class;)Ljava/lang/Object;+29 java.base@16.0.2
j  java.security.AccessController.doPrivileged(Ljava/security/PrivilegedAction;)Ljava/lang/Object;+5 java.base@16.0.2
j  jdk.internal.logger.BootstrapLogger$DetectBackend.<clinit>()V+7 java.base@16.0.2
v  ~StubRoutines::call_stub
j  jdk.internal.logger.BootstrapLogger.useLazyLoggers()Z+6 java.base@16.0.2
j  jdk.internal.logger.LazyLoggers.getLazyLogger(Ljava/lang/String;Ljava/lang/Module;)Ljava/lang/System$Logger;+0 java.base@16.0.2
j  sun.util.logging.PlatformLogger.getLogger(Ljava/lang/String;)Lsun/util/logging/PlatformLogger;+41 java.base@16.0.2
j  java.awt.Component.<clinit>()V+19 java.desktop@16.0.2
v  ~StubRoutines::call_stub

---------------  P R O C E S S  ---------------

Threads class SMR info:
_java_thread_list=0x000001b71e95aa80, length=12, elements={
0x000001b77fd222c0, 0x000001b71de88250, 0x000001b71de89110, 0x000001b71deb66f0,
0x000001b71e801480, 0x000001b71e802080, 0x000001b71e804a90, 0x000001b71e807240,
0x000001b71e807d30, 0x000001b71e82d840, 0x000001b71e983760, 0x000001b71e99a5e0
}

Java Threads: ( => current thread )
=>0x000001b77fd222c0 JavaThread "main" [_thread_in_vm, id=8948, stack(0x000000a92fd00000,0x000000a92fe00000)]
  0x000001b71de88250 JavaThread "Reference Handler" daemon [_thread_blocked, id=14020, stack(0x000000a930400000,0x000000a930500000)]
  0x000001b71de89110 JavaThread "Finalizer" daemon [_thread_blocked, id=12024, stack(0x000000a930500000,0x000000a930600000)]
  0x000001b71deb66f0 JavaThread "Signal Dispatcher" daemon [_thread_blocked, id=15132, stack(0x000000a930600000,0x000000a930700000)]
  0x000001b71e801480 JavaThread "Attach Listener" daemon [_thread_blocked, id=13844, stack(0x000000a930700000,0x000000a930800000)]
  0x000001b71e802080 JavaThread "Service Thread" daemon [_thread_blocked, id=15156, stack(0x000000a930800000,0x000000a930900000)]
  0x000001b71e804a90 JavaThread "Monitor Deflation Thread" daemon [_thread_blocked, id=16196, stack(0x000000a930900000,0x000000a930a00000)]
  0x000001b71e807240 JavaThread "C2 CompilerThread0" daemon [_thread_blocked, id=12640, stack(0x000000a930a00000,0x000000a930b00000)]
  0x000001b71e807d30 JavaThread "C1 CompilerThread0" daemon [_thread_blocked, id=6796, stack(0x000000a930b00000,0x000000a930c00000)]
  0x000001b71e82d840 JavaThread "Sweeper thread" daemon [_thread_blocked, id=15336, stack(0x000000a930c00000,0x000000a930d00000)]
  0x000001b71e983760 JavaThread "Notification Thread" daemon [_thread_blocked, id=12552, stack(0x000000a930d00000,0x000000a930e00000)]
  0x000001b71e99a5e0 JavaThread "Common-Cleaner" daemon [_thread_blocked, id=3920, stack(0x000000a930f00000,0x000000a931000000)]

Other Threads:
  0x000001b71de71e40 VMThread "VM Thread" [stack: 0x000000a930300000,0x000000a930400000] [id=12220]
  0x000001b71e9852a0 WatcherThread [stack: 0x000000a930e00000,0x000000a930f00000] [id=14176]
  0x000001b77fd60440 GCTaskThread "GC Thread#0" [stack: 0x000000a92fe00000,0x000000a92ff00000] [id=12176]
  0x000001b77fd72190 ConcurrentGCThread "G1 Main Marker" [stack: 0x000000a92ff00000,0x000000a930000000] [id=8480]
  0x000001b77fd733a0 ConcurrentGCThread "G1 Conc#0" [stack: 0x000000a930000000,0x000000a930100000] [id=2024]
  0x000001b77fdec6b0 ConcurrentGCThread "G1 Refine#0" [stack: 0x000000a930100000,0x000000a930200000] [id=4084]
  0x000001b77fded130 ConcurrentGCThread "G1 Service" [stack: 0x000000a930200000,0x000000a930300000] [id=8116]

Threads with active compile tasks:

VM state: not at safepoint (normal execution)

VM Mutex/Monitor currently owned by a thread:  ([mutex/lock_event])
[0x000001b77e4672a0] MetaspaceExpand_lock - owner thread: 0x000001b77fd222c0

Heap address: 0x0000000081800000, size: 2024 MB, Compressed Oops mode: 32-bit

CDS disabled.
Compressed class space mapped at: 0x0000000100000000-0x0000000140000000, reserved size: 1073741824
Narrow klass base: 0x0000000000000000, Narrow klass shift: 3, Narrow klass range: 0x140000000

GC Precious Log:
 CPUs: 4 total, 4 available
 Memory: 8094M
 Large Page Support: Disabled
 NUMA Support: Disabled
 Compressed Oops: Enabled (32-bit)
 Heap Region Size: 1M
 Heap Min Capacity: 8M
 Heap Initial Capacity: 128M
 Heap Max Capacity: 2024M
 Pre-touch: Disabled
 Parallel Workers: 4
 Concurrent Workers: 1
 Concurrent Refinement Workers: 4
 Periodic GC: Disabled

Heap:
 garbage-first heap   total 131072K, used 1024K [0x0000000081800000, 0x0000000100000000)
  region size 1024K, 2 young (2048K), 0 survivors (0K)
 Metaspace       used 5437K, committed 5568K, reserved 1056768K
  class space    used 440K, committed 512K, reserved 1048576K

Heap Regions: E=young(eden), S=young(survivor), O=old, HS=humongous(starts), HC=humongous(continues), CS=collection set, F=free, OA=open archive, CA=closed archive, TAMS=top-at-mark-start (previous, next)
|   0|0x0000000081800000, 0x0000000081800000, 0x0000000081900000|  0%| F|  |TAMS 0x0000000081800000, 0x0000000081800000| Untracked 
|   1|0x0000000081900000, 0x0000000081900000, 0x0000000081a00000|  0%| F|  |TAMS 0x0000000081900000, 0x0000000081900000| Untracked 
|   2|0x0000000081a00000, 0x0000000081a00000, 0x0000000081b00000|  0%| F|  |TAMS 0x0000000081a00000, 0x0000000081a00000| Untracked 
|   3|0x0000000081b00000, 0x0000000081b00000, 0x0000000081c00000|  0%| F|  |TAMS 0x0000000081b00000, 0x0000000081b00000| Untracked 
|   4|0x0000000081c00000, 0x0000000081c00000, 0x0000000081d00000|  0%| F|  |TAMS 0x0000000081c00000, 0x0000000081c00000| Untracked 
|   5|0x0000000081d00000, 0x0000000081d00000, 0x0000000081e00000|  0%| F|  |TAMS 0x0000000081d00000, 0x0000000081d00000| Untracked 
|   6|0x0000000081e00000, 0x0000000081e00000, 0x0000000081f00000|  0%| F|  |TAMS 0x0000000081e00000, 0x0000000081e00000| Untracked 
|   7|0x0000000081f00000, 0x0000000081f00000, 0x0000000082000000|  0%| F|  |TAMS 0x0000000081f00000, 0x0000000081f00000| Untracked 
|   8|0x0000000082000000, 0x0000000082000000, 0x0000000082100000|  0%| F|  |TAMS 0x0000000082000000, 0x0000000082000000| Untracked 
|   9|0x0000000082100000, 0x0000000082100000, 0x0000000082200000|  0%| F|  |TAMS 0x0000000082100000, 0x0000000082100000| Untracked 
|  10|0x0000000082200000, 0x0000000082200000, 0x0000000082300000|  0%| F|  |TAMS 0x0000000082200000, 0x0000000082200000| Untracked 
|  11|0x0000000082300000, 0x0000000082300000, 0x0000000082400000|  0%| F|  |TAMS 0x0000000082300000, 0x0000000082300000| Untracked 
|  12|0x0000000082400000, 0x0000000082400000, 0x0000000082500000|  0%| F|  |TAMS 0x0000000082400000, 0x0000000082400000| Untracked 
|  13|0x0000000082500000, 0x0000000082500000, 0x0000000082600000|  0%| F|  |TAMS 0x0000000082500000, 0x0000000082500000| Untracked 
|  14|0x0000000082600000, 0x0000000082600000, 0x0000000082700000|  0%| F|  |TAMS 0x0000000082600000, 0x0000000082600000| Untracked 
|  15|0x0000000082700000, 0x0000000082700000, 0x0000000082800000|  0%| F|  |TAMS 0x0000000082700000, 0x0000000082700000| Untracked 
|  16|0x0000000082800000, 0x0000000082800000, 0x0000000082900000|  0%| F|  |TAMS 0x0000000082800000, 0x0000000082800000| Untracked 
|  17|0x0000000082900000, 0x0000000082900000, 0x0000000082a00000|  0%| F|  |TAMS 0x0000000082900000, 0x0000000082900000| Untracked 
|  18|0x0000000082a00000, 0x0000000082a00000, 0x0000000082b00000|  0%| F|  |TAMS 0x0000000082a00000, 0x0000000082a00000| Untracked 
|  19|0x0000000082b00000, 0x0000000082b00000, 0x0000000082c00000|  0%| F|  |TAMS 0x0000000082b00000, 0x0000000082b00000| Untracked 
|  20|0x0000000082c00000, 0x0000000082c00000, 0x0000000082d00000|  0%| F|  |TAMS 0x0000000082c00000, 0x0000000082c00000| Untracked 
|  21|0x0000000082d00000, 0x0000000082d00000, 0x0000000082e00000|  0%| F|  |TAMS 0x0000000082d00000, 0x0000000082d00000| Untracked 
|  22|0x0000000082e00000, 0x0000000082e00000, 0x0000000082f00000|  0%| F|  |TAMS 0x0000000082e00000, 0x0000000082e00000| Untracked 
|  23|0x0000000082f00000, 0x0000000082f00000, 0x0000000083000000|  0%| F|  |TAMS 0x0000000082f00000, 0x0000000082f00000| Untracked 
|  24|0x0000000083000000, 0x0000000083000000, 0x0000000083100000|  0%| F|  |TAMS 0x0000000083000000, 0x0000000083000000| Untracked 
|  25|0x0000000083100000, 0x0000000083100000, 0x0000000083200000|  0%| F|  |TAMS 0x0000000083100000, 0x0000000083100000| Untracked 
|  26|0x0000000083200000, 0x0000000083200000, 0x0000000083300000|  0%| F|  |TAMS 0x0000000083200000, 0x0000000083200000| Untracked 
|  27|0x0000000083300000, 0x0000000083300000, 0x0000000083400000|  0%| F|  |TAMS 0x0000000083300000, 0x0000000083300000| Untracked 
|  28|0x0000000083400000, 0x0000000083400000, 0x0000000083500000|  0%| F|  |TAMS 0x0000000083400000, 0x0000000083400000| Untracked 
|  29|0x0000000083500000, 0x0000000083500000, 0x0000000083600000|  0%| F|  |TAMS 0x0000000083500000, 0x0000000083500000| Untracked 
|  30|0x0000000083600000, 0x0000000083600000, 0x0000000083700000|  0%| F|  |TAMS 0x0000000083600000, 0x0000000083600000| Untracked 
|  31|0x0000000083700000, 0x0000000083700000, 0x0000000083800000|  0%| F|  |TAMS 0x0000000083700000, 0x0000000083700000| Untracked 
|  32|0x0000000083800000, 0x0000000083800000, 0x0000000083900000|  0%| F|  |TAMS 0x0000000083800000, 0x0000000083800000| Untracked 
|  33|0x0000000083900000, 0x0000000083900000, 0x0000000083a00000|  0%| F|  |TAMS 0x0000000083900000, 0x0000000083900000| Untracked 
|  34|0x0000000083a00000, 0x0000000083a00000, 0x0000000083b00000|  0%| F|  |TAMS 0x0000000083a00000, 0x0000000083a00000| Untracked 
|  35|0x0000000083b00000, 0x0000000083b00000, 0x0000000083c00000|  0%| F|  |TAMS 0x0000000083b00000, 0x0000000083b00000| Untracked 
|  36|0x0000000083c00000, 0x0000000083c00000, 0x0000000083d00000|  0%| F|  |TAMS 0x0000000083c00000, 0x0000000083c00000| Untracked 
|  37|0x0000000083d00000, 0x0000000083d00000, 0x0000000083e00000|  0%| F|  |TAMS 0x0000000083d00000, 0x0000000083d00000| Untracked 
|  38|0x0000000083e00000, 0x0000000083e00000, 0x0000000083f00000|  0%| F|  |TAMS 0x0000000083e00000, 0x0000000083e00000| Untracked 
|  39|0x0000000083f00000, 0x0000000083f00000, 0x0000000084000000|  0%| F|  |TAMS 0x0000000083f00000, 0x0000000083f00000| Untracked 
|  40|0x0000000084000000, 0x0000000084000000, 0x0000000084100000|  0%| F|  |TAMS 0x0000000084000000, 0x0000000084000000| Untracked 
|  41|0x0000000084100000, 0x0000000084100000, 0x0000000084200000|  0%| F|  |TAMS 0x0000000084100000, 0x0000000084100000| Untracked 
|  42|0x0000000084200000, 0x0000000084200000, 0x0000000084300000|  0%| F|  |TAMS 0x0000000084200000, 0x0000000084200000| Untracked 
|  43|0x0000000084300000, 0x0000000084300000, 0x0000000084400000|  0%| F|  |TAMS 0x0000000084300000, 0x0000000084300000| Untracked 
|  44|0x0000000084400000, 0x0000000084400000, 0x0000000084500000|  0%| F|  |TAMS 0x0000000084400000, 0x0000000084400000| Untracked 
|  45|0x0000000084500000, 0x0000000084500000, 0x0000000084600000|  0%| F|  |TAMS 0x0000000084500000, 0x0000000084500000| Untracked 
|  46|0x0000000084600000, 0x0000000084600000, 0x0000000084700000|  0%| F|  |TAMS 0x0000000084600000, 0x0000000084600000| Untracked 
|  47|0x0000000084700000, 0x0000000084700000, 0x0000000084800000|  0%| F|  |TAMS 0x0000000084700000, 0x0000000084700000| Untracked 
|  48|0x0000000084800000, 0x0000000084800000, 0x0000000084900000|  0%| F|  |TAMS 0x0000000084800000, 0x0000000084800000| Untracked 
|  49|0x0000000084900000, 0x0000000084900000, 0x0000000084a00000|  0%| F|  |TAMS 0x0000000084900000, 0x0000000084900000| Untracked 
|  50|0x0000000084a00000, 0x0000000084a00000, 0x0000000084b00000|  0%| F|  |TAMS 0x0000000084a00000, 0x0000000084a00000| Untracked 
|  51|0x0000000084b00000, 0x0000000084b00000, 0x0000000084c00000|  0%| F|  |TAMS 0x0000000084b00000, 0x0000000084b00000| Untracked 
|  52|0x0000000084c00000, 0x0000000084c00000, 0x0000000084d00000|  0%| F|  |TAMS 0x0000000084c00000, 0x0000000084c00000| Untracked 
|  53|0x0000000084d00000, 0x0000000084d00000, 0x0000000084e00000|  0%| F|  |TAMS 0x0000000084d00000, 0x0000000084d00000| Untracked 
|  54|0x0000000084e00000, 0x0000000084e00000, 0x0000000084f00000|  0%| F|  |TAMS 0x0000000084e00000, 0x0000000084e00000| Untracked 
|  55|0x0000000084f00000, 0x0000000084f00000, 0x0000000085000000|  0%| F|  |TAMS 0x0000000084f00000, 0x0000000084f00000| Untracked 
|  56|0x0000000085000000, 0x0000000085000000, 0x0000000085100000|  0%| F|  |TAMS 0x0000000085000000, 0x0000000085000000| Untracked 
|  57|0x0000000085100000, 0x0000000085100000, 0x0000000085200000|  0%| F|  |TAMS 0x0000000085100000, 0x0000000085100000| Untracked 
|  58|0x0000000085200000, 0x0000000085200000, 0x0000000085300000|  0%| F|  |TAMS 0x0000000085200000, 0x0000000085200000| Untracked 
|  59|0x0000000085300000, 0x0000000085300000, 0x0000000085400000|  0%| F|  |TAMS 0x0000000085300000, 0x0000000085300000| Untracked 
|  60|0x0000000085400000, 0x0000000085400000, 0x0000000085500000|  0%| F|  |TAMS 0x0000000085400000, 0x0000000085400000| Untracked 
|  61|0x0000000085500000, 0x0000000085500000, 0x0000000085600000|  0%| F|  |TAMS 0x0000000085500000, 0x0000000085500000| Untracked 
|  62|0x0000000085600000, 0x0000000085600000, 0x0000000085700000|  0%| F|  |TAMS 0x0000000085600000, 0x0000000085600000| Untracked 
|  63|0x0000000085700000, 0x0000000085700000, 0x0000000085800000|  0%| F|  |TAMS 0x0000000085700000, 0x0000000085700000| Untracked 
|  64|0x0000000085800000, 0x0000000085800000, 0x0000000085900000|  0%| F|  |TAMS 0x0000000085800000, 0x0000000085800000| Untracked 
|  65|0x0000000085900000, 0x0000000085900000, 0x0000000085a00000|  0%| F|  |TAMS 0x0000000085900000, 0x0000000085900000| Untracked 
|  66|0x0000000085a00000, 0x0000000085a00000, 0x0000000085b00000|  0%| F|  |TAMS 0x0000000085a00000, 0x0000000085a00000| Untracked 
|  67|0x0000000085b00000, 0x0000000085b00000, 0x0000000085c00000|  0%| F|  |TAMS 0x0000000085b00000, 0x0000000085b00000| Untracked 
|  68|0x0000000085c00000, 0x0000000085c00000, 0x0000000085d00000|  0%| F|  |TAMS 0x0000000085c00000, 0x0000000085c00000| Untracked 
|  69|0x0000000085d00000, 0x0000000085d00000, 0x0000000085e00000|  0%| F|  |TAMS 0x0000000085d00000, 0x0000000085d00000| Untracked 
|  70|0x0000000085e00000, 0x0000000085e00000, 0x0000000085f00000|  0%| F|  |TAMS 0x0000000085e00000, 0x0000000085e00000| Untracked 
|  71|0x0000000085f00000, 0x0000000085f00000, 0x0000000086000000|  0%| F|  |TAMS 0x0000000085f00000, 0x0000000085f00000| Untracked 
|  72|0x0000000086000000, 0x0000000086000000, 0x0000000086100000|  0%| F|  |TAMS 0x0000000086000000, 0x0000000086000000| Untracked 
|  73|0x0000000086100000, 0x0000000086100000, 0x0000000086200000|  0%| F|  |TAMS 0x0000000086100000, 0x0000000086100000| Untracked 
|  74|0x0000000086200000, 0x0000000086200000, 0x0000000086300000|  0%| F|  |TAMS 0x0000000086200000, 0x0000000086200000| Untracked 
|  75|0x0000000086300000, 0x0000000086300000, 0x0000000086400000|  0%| F|  |TAMS 0x0000000086300000, 0x0000000086300000| Untracked 
|  76|0x0000000086400000, 0x0000000086400000, 0x0000000086500000|  0%| F|  |TAMS 0x0000000086400000, 0x0000000086400000| Untracked 
|  77|0x0000000086500000, 0x0000000086500000, 0x0000000086600000|  0%| F|  |TAMS 0x0000000086500000, 0x0000000086500000| Untracked 
|  78|0x0000000086600000, 0x0000000086600000, 0x0000000086700000|  0%| F|  |TAMS 0x0000000086600000, 0x0000000086600000| Untracked 
|  79|0x0000000086700000, 0x0000000086700000, 0x0000000086800000|  0%| F|  |TAMS 0x0000000086700000, 0x0000000086700000| Untracked 
|  80|0x0000000086800000, 0x0000000086800000, 0x0000000086900000|  0%| F|  |TAMS 0x0000000086800000, 0x0000000086800000| Untracked 
|  81|0x0000000086900000, 0x0000000086900000, 0x0000000086a00000|  0%| F|  |TAMS 0x0000000086900000, 0x0000000086900000| Untracked 
|  82|0x0000000086a00000, 0x0000000086a00000, 0x0000000086b00000|  0%| F|  |TAMS 0x0000000086a00000, 0x0000000086a00000| Untracked 
|  83|0x0000000086b00000, 0x0000000086b00000, 0x0000000086c00000|  0%| F|  |TAMS 0x0000000086b00000, 0x0000000086b00000| Untracked 
|  84|0x0000000086c00000, 0x0000000086c00000, 0x0000000086d00000|  0%| F|  |TAMS 0x0000000086c00000, 0x0000000086c00000| Untracked 
|  85|0x0000000086d00000, 0x0000000086d00000, 0x0000000086e00000|  0%| F|  |TAMS 0x0000000086d00000, 0x0000000086d00000| Untracked 
|  86|0x0000000086e00000, 0x0000000086e00000, 0x0000000086f00000|  0%| F|  |TAMS 0x0000000086e00000, 0x0000000086e00000| Untracked 
|  87|0x0000000086f00000, 0x0000000086f00000, 0x0000000087000000|  0%| F|  |TAMS 0x0000000086f00000, 0x0000000086f00000| Untracked 
|  88|0x0000000087000000, 0x0000000087000000, 0x0000000087100000|  0%| F|  |TAMS 0x0000000087000000, 0x0000000087000000| Untracked 
|  89|0x0000000087100000, 0x0000000087100000, 0x0000000087200000|  0%| F|  |TAMS 0x0000000087100000, 0x0000000087100000| Untracked 
|  90|0x0000000087200000, 0x0000000087200000, 0x0000000087300000|  0%| F|  |TAMS 0x0000000087200000, 0x0000000087200000| Untracked 
|  91|0x0000000087300000, 0x0000000087300000, 0x0000000087400000|  0%| F|  |TAMS 0x0000000087300000, 0x0000000087300000| Untracked 
|  92|0x0000000087400000, 0x0000000087400000, 0x0000000087500000|  0%| F|  |TAMS 0x0000000087400000, 0x0000000087400000| Untracked 
|  93|0x0000000087500000, 0x0000000087500000, 0x0000000087600000|  0%| F|  |TAMS 0x0000000087500000, 0x0000000087500000| Untracked 
|  94|0x0000000087600000, 0x0000000087600000, 0x0000000087700000|  0%| F|  |TAMS 0x0000000087600000, 0x0000000087600000| Untracked 
|  95|0x0000000087700000, 0x0000000087700000, 0x0000000087800000|  0%| F|  |TAMS 0x0000000087700000, 0x0000000087700000| Untracked 
|  96|0x0000000087800000, 0x0000000087800000, 0x0000000087900000|  0%| F|  |TAMS 0x0000000087800000, 0x0000000087800000| Untracked 
|  97|0x0000000087900000, 0x0000000087900000, 0x0000000087a00000|  0%| F|  |TAMS 0x0000000087900000, 0x0000000087900000| Untracked 
|  98|0x0000000087a00000, 0x0000000087a00000, 0x0000000087b00000|  0%| F|  |TAMS 0x0000000087a00000, 0x0000000087a00000| Untracked 
|  99|0x0000000087b00000, 0x0000000087b00000, 0x0000000087c00000|  0%| F|  |TAMS 0x0000000087b00000, 0x0000000087b00000| Untracked 
| 100|0x0000000087c00000, 0x0000000087c00000, 0x0000000087d00000|  0%| F|  |TAMS 0x0000000087c00000, 0x0000000087c00000| Untracked 
| 101|0x0000000087d00000, 0x0000000087d00000, 0x0000000087e00000|  0%| F|  |TAMS 0x0000000087d00000, 0x0000000087d00000| Untracked 
| 102|0x0000000087e00000, 0x0000000087e00000, 0x0000000087f00000|  0%| F|  |TAMS 0x0000000087e00000, 0x0000000087e00000| Untracked 
| 103|0x0000000087f00000, 0x0000000087f00000, 0x0000000088000000|  0%| F|  |TAMS 0x0000000087f00000, 0x0000000087f00000| Untracked 
| 104|0x0000000088000000, 0x0000000088000000, 0x0000000088100000|  0%| F|  |TAMS 0x0000000088000000, 0x0000000088000000| Untracked 
| 105|0x0000000088100000, 0x0000000088100000, 0x0000000088200000|  0%| F|  |TAMS 0x0000000088100000, 0x0000000088100000| Untracked 
| 106|0x0000000088200000, 0x0000000088200000, 0x0000000088300000|  0%| F|  |TAMS 0x0000000088200000, 0x0000000088200000| Untracked 
| 107|0x0000000088300000, 0x0000000088300000, 0x0000000088400000|  0%| F|  |TAMS 0x0000000088300000, 0x0000000088300000| Untracked 
| 108|0x0000000088400000, 0x0000000088400000, 0x0000000088500000|  0%| F|  |TAMS 0x0000000088400000, 0x0000000088400000| Untracked 
| 109|0x0000000088500000, 0x0000000088500000, 0x0000000088600000|  0%| F|  |TAMS 0x0000000088500000, 0x0000000088500000| Untracked 
| 110|0x0000000088600000, 0x0000000088600000, 0x0000000088700000|  0%| F|  |TAMS 0x0000000088600000, 0x0000000088600000| Untracked 
| 111|0x0000000088700000, 0x0000000088700000, 0x0000000088800000|  0%| F|  |TAMS 0x0000000088700000, 0x0000000088700000| Untracked 
| 112|0x0000000088800000, 0x0000000088800000, 0x0000000088900000|  0%| F|  |TAMS 0x0000000088800000, 0x0000000088800000| Untracked 
| 113|0x0000000088900000, 0x0000000088900000, 0x0000000088a00000|  0%| F|  |TAMS 0x0000000088900000, 0x0000000088900000| Untracked 
| 114|0x0000000088a00000, 0x0000000088a00000, 0x0000000088b00000|  0%| F|  |TAMS 0x0000000088a00000, 0x0000000088a00000| Untracked 
| 115|0x0000000088b00000, 0x0000000088b00000, 0x0000000088c00000|  0%| F|  |TAMS 0x0000000088b00000, 0x0000000088b00000| Untracked 
| 116|0x0000000088c00000, 0x0000000088c00000, 0x0000000088d00000|  0%| F|  |TAMS 0x0000000088c00000, 0x0000000088c00000| Untracked 
| 117|0x0000000088d00000, 0x0000000088d00000, 0x0000000088e00000|  0%| F|  |TAMS 0x0000000088d00000, 0x0000000088d00000| Untracked 
| 118|0x0000000088e00000, 0x0000000088e00000, 0x0000000088f00000|  0%| F|  |TAMS 0x0000000088e00000, 0x0000000088e00000| Untracked 
| 119|0x0000000088f00000, 0x0000000088f00000, 0x0000000089000000|  0%| F|  |TAMS 0x0000000088f00000, 0x0000000088f00000| Untracked 
| 120|0x0000000089000000, 0x0000000089000000, 0x0000000089100000|  0%| F|  |TAMS 0x0000000089000000, 0x0000000089000000| Untracked 
| 121|0x0000000089100000, 0x0000000089100000, 0x0000000089200000|  0%| F|  |TAMS 0x0000000089100000, 0x0000000089100000| Untracked 
| 122|0x0000000089200000, 0x0000000089200000, 0x0000000089300000|  0%| F|  |TAMS 0x0000000089200000, 0x0000000089200000| Untracked 
| 123|0x0000000089300000, 0x0000000089300000, 0x0000000089400000|  0%| F|  |TAMS 0x0000000089300000, 0x0000000089300000| Untracked 
| 124|0x0000000089400000, 0x0000000089400000, 0x0000000089500000|  0%| F|  |TAMS 0x0000000089400000, 0x0000000089400000| Untracked 
| 125|0x0000000089500000, 0x0000000089500000, 0x0000000089600000|  0%| F|  |TAMS 0x0000000089500000, 0x0000000089500000| Untracked 
| 126|0x0000000089600000, 0x0000000089643110, 0x0000000089700000| 26%| E|  |TAMS 0x0000000089600000, 0x0000000089600000| Complete 
| 127|0x0000000089700000, 0x0000000089800000, 0x0000000089800000|100%| E|CS|TAMS 0x0000000089700000, 0x0000000089700000| Complete 

Card table byte_map: [0x000001b7170f0000,0x000001b7174f0000] _byte_map_base: 0x000001b716ce4000

Marking Bits (Prev, Next): (CMBitMap*) 0x000001b77fd61ac0, (CMBitMap*) 0x000001b77fd61b00
 Prev Bits: [0x000001b7178f0000, 0x000001b719890000)
 Next Bits: [0x000001b719890000, 0x000001b71b830000)

Polling page: 0x000001b700000000

Metaspace:

Usage:
  Non-class:      4.88 MB used.
      Class:    440.09 KB used.
       Both:      5.31 MB used.

Virtual space:
  Non-class space:        8.00 MB reserved,       4.94 MB ( 62%) committed,  1 nodes.
      Class space:        1.00 GB reserved,     512.00 KB ( <1%) committed,  1 nodes.
              Both:        1.01 GB reserved,       5.44 MB ( <1%) committed. 

Chunk freelists:
   Non-Class:  2.99 MB
       Class:  3.55 MB
        Both:  6.54 MB

MaxMetaspaceSize: 17179869184.00 GB
CompressedClassSpaceSize: 1.00 GB
 - commit_granule_bytes: 65536.
 - commit_granule_words: 8192.
 - virtual_space_node_default_size: 1048576.
 - enlarge_chunks_in_place: 1.
 - new_chunks_are_fully_committed: 0.
 - uncommit_free_chunks: 1.
 - use_allocation_guard: 0.
 - handle_deallocations: 1.


Internal statistics:

num_allocs_failed_limit: 0.
num_arena_births: 6.
num_arena_deaths: 0.
num_vsnodes_births: 2.
num_vsnodes_deaths: 0.
num_space_committed: 87.
num_space_uncommitted: 0.
num_chunks_returned_to_freelist: 0.
num_chunks_taken_from_freelist: 10.
num_chunk_merges: 0.
num_chunk_splits: 3.
num_chunks_enlarged: 2.
num_purges: 0.

CodeHeap 'non-profiled nmethods': size=120000Kb used=22Kb max_used=22Kb free=119978Kb
 bounds [0x000001b70f190000, 0x000001b70f400000, 0x000001b7166c0000]
CodeHeap 'profiled nmethods': size=120000Kb used=91Kb max_used=91Kb free=119908Kb
 bounds [0x000001b707c60000, 0x000001b707ed0000, 0x000001b70f190000]
CodeHeap 'non-nmethods': size=5760Kb used=1076Kb max_used=1086Kb free=4683Kb
 bounds [0x000001b7076c0000, 0x000001b707930000, 0x000001b707c60000]
 total_blobs=419 nmethods=82 adapters=250
 compilation: enabled
              stopped_count=0, restarted_count=0
 full_count=0

Compilation events (20 events):
Event: 0.210 Thread 0x000001b71e807240   68       4       java.lang.StringLatin1::hashCode (42 bytes)
Event: 0.210 Thread 0x000001b71e807d30   69       3       java.lang.Math::min (11 bytes)
Event: 0.210 Thread 0x000001b71e807d30 nmethod 69 0x000001b707c74910 code [0x000001b707c74aa0, 0x000001b707c74bd8]
Event: 0.211 Thread 0x000001b71e807d30   70       3       java.lang.String::<init> (15 bytes)
Event: 0.211 Thread 0x000001b71e807d30 nmethod 70 0x000001b707c74c90 code [0x000001b707c74e40, 0x000001b707c74ff8]
Event: 0.213 Thread 0x000001b71e807d30   71       1       java.lang.Class::getClassLoader0 (5 bytes)
Event: 0.213 Thread 0x000001b71e807d30 nmethod 71 0x000001b70f193a90 code [0x000001b70f193c20, 0x000001b70f193cf8]
Event: 0.215 Thread 0x000001b71e807240 nmethod 68 0x000001b70f194090 code [0x000001b70f194220, 0x000001b70f194438]
Event: 0.216 Thread 0x000001b71e807d30   75       3       java.lang.StringBuilder::append (8 bytes)
Event: 0.216 Thread 0x000001b71e807d30 nmethod 75 0x000001b707c75090 code [0x000001b707c75240, 0x000001b707c75388]
Event: 0.216 Thread 0x000001b71e807d30   76       3       java.lang.AbstractStringBuilder::append (45 bytes)
Event: 0.217 Thread 0x000001b71e807d30 nmethod 76 0x000001b707c75410 code [0x000001b707c75600, 0x000001b707c75948]
Event: 0.217 Thread 0x000001b71e807d30   77       3       java.lang.AbstractStringBuilder::getCoder (15 bytes)
Event: 0.217 Thread 0x000001b71e807d30 nmethod 77 0x000001b707c75b10 code [0x000001b707c75ca0, 0x000001b707c75dd8]
Event: 0.219 Thread 0x000001b71e807d30   80       1       java.lang.Module::getDescriptor (5 bytes)
Event: 0.219 Thread 0x000001b71e807d30 nmethod 80 0x000001b70f195210 code [0x000001b70f1953a0, 0x000001b70f195478]
Event: 0.219 Thread 0x000001b71e807d30   82       3       java.util.concurrent.ConcurrentHashMap::get (162 bytes)
Event: 0.220 Thread 0x000001b71e807d30 nmethod 82 0x000001b707c75e90 code [0x000001b707c760e0, 0x000001b707c76ba8]
Event: 0.220 Thread 0x000001b71e807d30   81       1       java.lang.module.ModuleDescriptor::provides (5 bytes)
Event: 0.220 Thread 0x000001b71e807d30 nmethod 81 0x000001b70f195510 code [0x000001b70f1956a0, 0x000001b70f195778]

GC Heap History (0 events):
No events

Deoptimization events (0 events):
No events

Classes unloaded (0 events):
No events

Classes redefined (0 events):
No events

Internal exceptions (1 events):
Event: 0.206 Thread 0x000001b77fd222c0 Exception <a 'java/lang/NoSuchMethodError'{0x00000000896254c8}: 'void java.lang.invoke.DirectMethodHandle$Holder.invokeSpecial(java.lang.Object, java.lang.Object, java.lang.Object)'> (0x00000000896254c8) 
thrown [t:\workspace\open\src\hotspot\share\interpreter\linkResolver.cpp, line 790]

Events (20 events):
Event: 0.218 loading class jdk/internal/org/objectweb/asm/ClassReader
Event: 0.218 loading class jdk/internal/org/objectweb/asm/ClassReader done
Event: 0.218 loading class java/lang/invoke/DirectMethodHandle$Constructor
Event: 0.218 loading class java/lang/invoke/DirectMethodHandle$Constructor done
Event: 0.219 loading class java/util/Arrays$ArrayList
Event: 0.219 loading class java/util/Arrays$ArrayList done
Event: 0.219 loading class java/util/ServiceLoader$LazyClassPathLookupIterator
Event: 0.219 loading class java/util/ServiceLoader$LazyClassPathLookupIterator done
Event: 0.219 loading class java/util/ServiceLoader$2
Event: 0.220 loading class java/util/ServiceLoader$2 done
Event: 0.220 loading class java/util/ServiceLoader$3
Event: 0.220 loading class java/util/ServiceLoader$3 done
Event: 0.220 loading class java/util/Enumeration
Event: 0.220 loading class java/util/Enumeration done
Event: 0.220 loading class jdk/internal/module/Resources
Event: 0.220 loading class jdk/internal/module/Resources done
Event: 0.220 loading class jdk/internal/loader/BuiltinClassLoader$2
Event: 0.220 loading class jdk/internal/loader/BuiltinClassLoader$2 done
Event: 0.220 loading class java/util/concurrent/ConcurrentHashMap$ValuesView
Event: 0.222 loading class java/util/concurrent/ConcurrentHashMap$CollectionView


Dynamic libraries:
0x00007ff7baa40000 - 0x00007ff7baa50000 	C:\Program Files\Java\jdk-16.0.2\bin\java.exe
0x00007ffa8cb00000 - 0x00007ffa8ccf0000 	C:\WINDOWS\SYSTEM32\ntdll.dll
0x00007ffa8bc60000 - 0x00007ffa8bd12000 	C:\WINDOWS\System32\KERNEL32.DLL
0x00007ffa8a410000 - 0x00007ffa8a6b5000 	C:\WINDOWS\System32\KERNELBASE.dll
0x00007ffa8a2b0000 - 0x00007ffa8a3aa000 	C:\WINDOWS\System32\ucrtbase.dll
0x00007ffa85b20000 - 0x00007ffa85b38000 	C:\Program Files\Java\jdk-16.0.2\bin\jli.dll
0x00007ffa83c50000 - 0x00007ffa83c69000 	C:\Program Files\Java\jdk-16.0.2\bin\VCRUNTIME140.dll
0x00007ffa8bb30000 - 0x00007ffa8bbd3000 	C:\WINDOWS\System32\ADVAPI32.dll
0x00007ffa8ae30000 - 0x00007ffa8aece000 	C:\WINDOWS\System32\msvcrt.dll
0x00007ffa8b420000 - 0x00007ffa8b4b7000 	C:\WINDOWS\System32\sechost.dll
0x00007ffa8c230000 - 0x00007ffa8c34f000 	C:\WINDOWS\System32\RPCRT4.dll
0x00007ffa8b720000 - 0x00007ffa8b8b4000 	C:\WINDOWS\System32\USER32.dll
0x00007ffa8a8c0000 - 0x00007ffa8a8e1000 	C:\WINDOWS\System32\win32u.dll
0x00007ffa8ba80000 - 0x00007ffa8baa6000 	C:\WINDOWS\System32\GDI32.dll
0x00007ffa8aa10000 - 0x00007ffa8aba8000 	C:\WINDOWS\System32\gdi32full.dll
0x00007ffa8a820000 - 0x00007ffa8a8be000 	C:\WINDOWS\System32\msvcp_win.dll
0x00007ffa7bb60000 - 0x00007ffa7bde4000 	C:\WINDOWS\WinSxS\amd64_microsoft.windows.common-controls_6595b64144ccf1df_6.0.18362.1556_none_9e7e372fe45e41d5\COMCTL32.dll
0x00007ffa8b030000 - 0x00007ffa8b366000 	C:\WINDOWS\System32\combase.dll
0x00007ffa89a70000 - 0x00007ffa89af1000 	C:\WINDOWS\System32\bcryptPrimitives.dll
0x00007ffa75cb0000 - 0x00007ffa75cba000 	C:\WINDOWS\SYSTEM32\VERSION.dll
0x00007ffa8bd90000 - 0x00007ffa8bdbe000 	C:\WINDOWS\System32\IMM32.DLL
0x00007ffa83c40000 - 0x00007ffa83c4c000 	C:\Program Files\Java\jdk-16.0.2\bin\vcruntime140_1.dll
0x00007ffa5e830000 - 0x00007ffa5e8c1000 	C:\Program Files\Java\jdk-16.0.2\bin\msvcp140.dll
0x00007ffa5ea50000 - 0x00007ffa5f5fb000 	C:\Program Files\Java\jdk-16.0.2\bin\server\jvm.dll
0x00007ffa8ac20000 - 0x00007ffa8ac28000 	C:\WINDOWS\System32\PSAPI.DLL
0x00007ffa7f050000 - 0x00007ffa7f059000 	C:\WINDOWS\SYSTEM32\WSOCK32.dll
0x00007ffa8b4c0000 - 0x00007ffa8b52f000 	C:\WINDOWS\System32\WS2_32.dll
0x00007ffa86a40000 - 0x00007ffa86a64000 	C:\WINDOWS\SYSTEM32\WINMM.dll
0x00007ffa86a10000 - 0x00007ffa86a3d000 	C:\WINDOWS\SYSTEM32\winmmbase.dll
0x00007ffa8a9a0000 - 0x00007ffa8a9ea000 	C:\WINDOWS\System32\cfgmgr32.dll
0x00007ffa89a30000 - 0x00007ffa89a41000 	C:\WINDOWS\System32\kernel.appcore.dll
0x00007ffa78000000 - 0x00007ffa7800a000 	C:\Program Files\Java\jdk-16.0.2\bin\jimage.dll
0x00007ffa88110000 - 0x00007ffa88304000 	C:\WINDOWS\SYSTEM32\DBGHELP.DLL
0x00007ffa75700000 - 0x00007ffa7572a000 	C:\WINDOWS\SYSTEM32\dbgcore.DLL
0x00007ffa7af10000 - 0x00007ffa7af35000 	C:\Program Files\Java\jdk-16.0.2\bin\java.dll
0x00007ffa8c370000 - 0x00007ffa8ca57000 	C:\WINDOWS\System32\SHELL32.dll
0x00007ffa8b370000 - 0x00007ffa8b418000 	C:\WINDOWS\System32\shcore.dll
0x00007ffa89b30000 - 0x00007ffa8a2ab000 	C:\WINDOWS\System32\windows.storage.dll
0x00007ffa89a50000 - 0x00007ffa89a6e000 	C:\WINDOWS\System32\profapi.dll
0x00007ffa899c0000 - 0x00007ffa89a0a000 	C:\WINDOWS\System32\powrprof.dll
0x00007ffa899b0000 - 0x00007ffa899c0000 	C:\WINDOWS\System32\UMPDC.dll
0x00007ffa8add0000 - 0x00007ffa8ae22000 	C:\WINDOWS\System32\shlwapi.dll
0x00007ffa8a9f0000 - 0x00007ffa8aa07000 	C:\WINDOWS\System32\cryptsp.dll

dbghelp: loaded successfully - version: 4.0.5 - missing functions: none
symbol engine: initialized successfully - sym options: 0x614 - pdb path: .;C:\Program Files\Java\jdk-16.0.2\bin;C:\WINDOWS\SYSTEM32;C:\WINDOWS\WinSxS\amd64_microsoft.windows.common-controls_6595b64144ccf1df_6.0.18362.1556_none_9e7e372fe45e41d5;C:\Program Files\Java\jdk-16.0.2\bin\server

VM Arguments:
java_command: UI.Home
java_class_path (initial): C:\Users\Owner\Desktop\Visual II\FinalProject\target\classes;C:\Users\Owner\.m2\repository\net\jacobpeterson\alpaca-java\8.3.3\alpaca-java-8.3.3.jar;C:\Users\Owner\.m2\repository\org\slf4j\slf4j-api\1.7.31\slf4j-api-1.7.31.jar;C:\Users\Owner\.m2\repository\org\slf4j\jcl-over-slf4j\1.7.31\jcl-over-slf4j-1.7.31.jar;C:\Users\Owner\.m2\repository\com\google\guava\guava\30.1.1-jre\guava-30.1.1-jre.jar;C:\Users\Owner\.m2\repository\com\google\guava\failureaccess\1.0.1\failureaccess-1.0.1.jar;C:\Users\Owner\.m2\repository\com\google\guava\listenablefuture\9999.0-empty-to-avoid-conflict-with-guava\listenablefuture-9999.0-empty-to-avoid-conflict-with-guava.jar;C:\Users\Owner\.m2\repository\com\google\code\findbugs\jsr305\3.0.2\jsr305-3.0.2.jar;C:\Users\Owner\.m2\repository\org\checkerframework\checker-qual\3.8.0\checker-qual-3.8.0.jar;C:\Users\Owner\.m2\repository\com\google\errorprone\error_prone_annotations\2.5.1\error_prone_annotations-2.5.1.jar;C:\Users\Owner\.m2\repository\com\google\j2objc\j2objc-annotations\1.3\j2objc-annotations-1.3.jar;C:\Users\Owner\.m2\repository\com\google\code\gson\gson\2.8.7\gson-2.8.7.jar;C:\Users\Owner\.m2\repository\com\squareup\okhttp3\okhttp\4.9.1\okhttp-4.9.1.jar;C:\Users\Owner\.m2\repository\com\squareup\okio\okio\2.8.0\okio-2.8.0.jar;C:\Users\Owner\.m2\repository\org\jetbrains\kotlin\kotlin-stdlib-common\1.4.0\kotlin-stdlib-common-1.4.0.jar;C:\Users\Owner\.m2\repository\org\jetbrains\kotlin\kotlin-stdlib\1.4.10\kotlin-stdlib-1.4.10.jar;C:\Users\Owner\.m2\repository\org\jetbrains\annotations\13.0\annotations-13.0.jar;C:\Users\Owner\.m2\repository\com\github\devcsrj\slf4j-okhttp3-logging-interceptor\1.0.1\slf4j-okhttp3-logging-interceptor-1.0.1.jar;C:\Users\Owner\.m2\repository\net\openhft\com\binance\api\binance-api-client\2.17.1\binance-api-client-2.17.1.jar;C:\Users\Owner\.m2\repository\com\squareup\retrofit2\retrofit\2.4.0\retrofit-2.4.0.jar;C:\Users\Owner\.m2\repository\com\squareup\retrofit2\converter-ja
Launcher Type: SUN_STANDARD

[Global flags]
     intx CICompilerCount                          = 3                                         {product} {ergonomic}
     uint ConcGCThreads                            = 1                                         {product} {ergonomic}
     uint G1ConcRefinementThreads                  = 4                                         {product} {ergonomic}
   size_t G1HeapRegionSize                         = 1048576                                   {product} {ergonomic}
    uintx GCDrainStackTargetSize                   = 64                                        {product} {ergonomic}
   size_t InitialHeapSize                          = 134217728                                 {product} {ergonomic}
   size_t MarkStackSize                            = 4194304                                   {product} {ergonomic}
   size_t MaxHeapSize                              = 2122317824                                {product} {ergonomic}
   size_t MaxNewSize                               = 1272971264                                {product} {ergonomic}
   size_t MinHeapDeltaBytes                        = 1048576                                   {product} {ergonomic}
   size_t MinHeapSize                              = 8388608                                   {product} {ergonomic}
    uintx NonNMethodCodeHeapSize                   = 5832780                                {pd product} {ergonomic}
    uintx NonProfiledCodeHeapSize                  = 122912730                              {pd product} {ergonomic}
    uintx ProfiledCodeHeapSize                     = 122912730                              {pd product} {ergonomic}
    uintx ReservedCodeCacheSize                    = 251658240                              {pd product} {ergonomic}
     bool SegmentedCodeCache                       = true                                      {product} {ergonomic}
   size_t SoftMaxHeapSize                          = 2122317824                             {manageable} {ergonomic}
     bool UseCompressedClassPointers               = true                           {product lp64_product} {ergonomic}
     bool UseCompressedOops                        = true                           {product lp64_product} {ergonomic}
     bool UseG1GC                                  = true                                      {product} {ergonomic}
     bool UseLargePagesIndividualAllocation        = false                                  {pd product} {ergonomic}

Logging:
Log output configuration:
 #0: stdout all=warning uptime,level,tags
 #1: stderr all=off uptime,level,tags

Environment Variables:
JAVA_HOME=C:\Program Files\Java\jdk-16.0.2
PATH=C:\Program Files\Common Files\Oracle\Java\javapath;C:\WINDOWS\system32;C:\WINDOWS;C:\WINDOWS\System32\Wbem;C:\WINDOWS\System32\WindowsPowerShell\v1.0\;C:\WINDOWS\System32\OpenSSH\;C:\MinGW\bin;"C:\MinGW\msys\1.0\bin;";C:\Program Files\PuTTY\;C:\Users\Owner\AppData\Local\Microsoft\WindowsApps;C:\Users\Owner\Desktop\Microsoft VS Code\bin;C:\Users\Owner\AppData\Local\atom\bin
USERNAME=Owner
OS=Windows_NT
PROCESSOR_IDENTIFIER=Intel64 Family 6 Model 61 Stepping 4, GenuineIntel



---------------  S Y S T E M  ---------------

OS:
 Windows 10 , 64 bit Build 18362 (10.0.18362.1500)
OS uptime: 0 days 8:03 hours

CPU: total 4 (initial active 4) (2 cores per cpu, 2 threads per core) family 6 model 61 stepping 4 microcode 0x2f, cx8, cmov, fxsr, ht, mmx, 3dnowpref, sse, sse2, sse3, ssse3, sse4.1, sse4.2, popcnt, lzcnt, tsc, tscinvbit, avx, avx2, aes, erms, clmul, bmi1, bmi2, adx, fma, vzeroupper, clflush

Memory: 4k page, system-wide physical 8094M (1821M free)
TotalPageFile size 10246M (AvailPageFile size 5M)
current process WorkingSet (physical memory assigned to process): 27M, peak: 27M
current process commit charge ("private bytes"): 195M, peak: 197M

vm_info: Java HotSpot(TM) 64-Bit Server VM (16.0.2+7-67) for windows-amd64 JRE (16.0.2+7-67), built on Jun  8 2021 23:24:19 by "mach5one" with MS VC++ 16.7 (VS2019)

END.
