#
# There is insufficient memory for the Java Runtime Environment to continue.
# Native memory allocation (mmap) failed to map 65536 bytes for Failed to commit metaspace.
# Possible reasons:
#   The system is out of physical RAM or swap space
#   The process is running with CompressedOops enabled, and the Java Heap may be blocking the growth of the native heap
# Possible solutions:
#   Reduce memory load on the system
#   Increase physical memory or swap space
#   Check if swap backing store is full
#   Decrease Java heap size (-Xmx/-Xms)
#   Decrease number of Java threads
#   Decrease Java thread stack sizes (-Xss)
#   Set larger code cache with -XX:ReservedCodeCacheSize=
#   JVM is running with Unscaled Compressed Oops mode in which the Java heap is
#     placed in the first 4GB address space. The Java Heap base address is the
#     maximum limit for the native heap growth. Please use -XX:HeapBaseMinAddress
#     to set the Java Heap base and to place the Java Heap above 4GB virtual address.
# This output file may be truncated or incomplete.
#
#  Out of Memory Error (virtualSpaceNode.cpp:108), pid=13492, tid=21036
#
# JRE version: Java(TM) SE Runtime Environment (16.0.2+7) (build 16.0.2+7-67)
# Java VM: Java HotSpot(TM) 64-Bit Server VM (16.0.2+7-67, mixed mode, sharing, tiered, compressed oops, compressed class ptrs, g1 gc, windows-amd64)
# No core dump will be written. Minidumps are not enabled by default on client versions of Windows
#

---------------  S U M M A R Y ------------

Command Line: UI.Home

Host: Intel(R) Core(TM) i5-5250U CPU @ 1.60GHz, 4 cores, 7G,  Windows 10 , 64 bit Build 18362 (10.0.18362.1500)
Time: Wed Feb 23 10:44:09 2022 Eastern Standard Time elapsed time: 2.610218 seconds (0d 0h 0m 2s)

---------------  T H R E A D  ---------------

Current thread (0x000001d4bfff2940):  JavaThread "AWT-EventQueue-0" [_thread_in_vm, id=21036, stack(0x0000006a8df00000,0x0000006a8e000000)]

Stack: [0x0000006a8df00000,0x0000006a8e000000]
Native frames: (J=compiled Java code, j=interpreted, Vv=VM code, C=native code)
V  [jvm.dll+0x6681ca]
V  [jvm.dll+0x7c9e69]
V  [jvm.dll+0x7cb61e]
V  [jvm.dll+0x7cbc73]
V  [jvm.dll+0x242c55]
V  [jvm.dll+0x7c64eb]
V  [jvm.dll+0x60ddd6]
V  [jvm.dll+0x60de3a]
V  [jvm.dll+0x61046a]
V  [jvm.dll+0x60e6d1]
V  [jvm.dll+0x238440]
V  [jvm.dll+0x1ea2df]
V  [jvm.dll+0x1df631]
V  [jvm.dll+0x535ff8]
V  [jvm.dll+0x1f0d52]
V  [jvm.dll+0x741863]
V  [jvm.dll+0x743108]
V  [jvm.dll+0x743433]
V  [jvm.dll+0x23ab24]
V  [jvm.dll+0x375531]
C  0x000001d4a911c3fb

Java frames: (J=compiled Java code, j=interpreted, Vv=VM code)
j  java.lang.reflect.Proxy.lambda$getProxyConstructor$0(Ljava/lang/ClassLoader;Ljdk/internal/loader/AbstractClassLoaderValue$Sub;)Ljava/lang/reflect/Constructor;+0 java.base@16.0.2
j  java.lang.reflect.Proxy$$Lambda$124+0x0000000800d40ac0.apply(Ljava/lang/Object;Ljava/lang/Object;)Ljava/lang/Object;+8 java.base@16.0.2
j  jdk.internal.loader.AbstractClassLoaderValue$Memoizer.get()Ljava/lang/Object;+75 java.base@16.0.2
j  jdk.internal.loader.AbstractClassLoaderValue.computeIfAbsent(Ljava/lang/ClassLoader;Ljava/util/function/BiFunction;)Ljava/lang/Object;+63 java.base@16.0.2
j  java.lang.reflect.Proxy.getProxyConstructor(Ljava/lang/Class;Ljava/lang/ClassLoader;[Ljava/lang/Class;)Ljava/lang/reflect/Constructor;+40 java.base@16.0.2
j  java.lang.reflect.Proxy.newProxyInstance(Ljava/lang/ClassLoader;[Ljava/lang/Class;Ljava/lang/reflect/InvocationHandler;)Ljava/lang/Object;+22 java.base@16.0.2
j  sun.reflect.annotation.AnnotationParser$1.run()Ljava/lang/annotation/Annotation;+33 java.base@16.0.2
j  sun.reflect.annotation.AnnotationParser$1.run()Ljava/lang/Object;+1 java.base@16.0.2
j  java.security.AccessController.executePrivileged(Ljava/security/PrivilegedAction;Ljava/security/AccessControlContext;Ljava/lang/Class;)Ljava/lang/Object;+29 java.base@16.0.2
j  java.security.AccessController.doPrivileged(Ljava/security/PrivilegedAction;)Ljava/lang/Object;+5 java.base@16.0.2
j  sun.reflect.annotation.AnnotationParser.annotationForMap(Ljava/lang/Class;Ljava/util/Map;)Ljava/lang/annotation/Annotation;+9 java.base@16.0.2
j  sun.reflect.annotation.AnnotationParser.parseAnnotation2(Ljava/nio/ByteBuffer;Ljdk/internal/reflect/ConstantPool;Ljava/lang/Class;Z[Ljava/lang/Class;)Ljava/lang/annotation/Annotation;+280 java.base@16.0.2
j  sun.reflect.annotation.AnnotationParser.parseAnnotations2([BLjdk/internal/reflect/ConstantPool;Ljava/lang/Class;[Ljava/lang/Class;)Ljava/util/Map;+41 java.base@16.0.2
j  sun.reflect.annotation.AnnotationParser.parseSelectAnnotations([BLjdk/internal/reflect/ConstantPool;Ljava/lang/Class;[Ljava/lang/Class;)Ljava/util/Map;+12 java.base@16.0.2
j  sun.reflect.annotation.AnnotationType.<init>(Ljava/lang/Class;)V+291 java.base@16.0.2
j  sun.reflect.annotation.AnnotationType.getInstance(Ljava/lang/Class;)Lsun/reflect/annotation/AnnotationType;+21 java.base@16.0.2
j  sun.reflect.annotation.AnnotationParser.parseAnnotation2(Ljava/nio/ByteBuffer;Ljdk/internal/reflect/ConstantPool;Ljava/lang/Class;Z[Ljava/lang/Class;)Ljava/lang/annotation/Annotation;+116 java.base@16.0.2
j  sun.reflect.annotation.AnnotationParser.parseAnnotations2([BLjdk/internal/reflect/ConstantPool;Ljava/lang/Class;[Ljava/lang/Class;)Ljava/util/Map;+41 java.base@16.0.2
j  sun.reflect.annotation.AnnotationParser.parseAnnotations([BLjdk/internal/reflect/ConstantPool;Ljava/lang/Class;)Ljava/util/Map;+12 java.base@16.0.2
j  java.lang.reflect.Executable.declaredAnnotations()Ljava/util/Map;+62 java.base@16.0.2
j  java.lang.reflect.Executable.declaredAnnotations()Ljava/util/Map;+35 java.base@16.0.2
j  java.lang.reflect.Executable.getAnnotation(Ljava/lang/Class;)Ljava/lang/annotation/Annotation;+7 java.base@16.0.2
j  java.lang.reflect.Method.getAnnotation(Ljava/lang/Class;)Ljava/lang/annotation/Annotation;+2 java.base@16.0.2
j  java.lang.reflect.AnnotatedElement.isAnnotationPresent(Ljava/lang/Class;)Z+2 java.base@16.0.2
j  java.lang.reflect.AccessibleObject.isAnnotationPresent(Ljava/lang/Class;)Z+2 java.base@16.0.2
j  jdk.internal.reflect.Reflection.isCallerSensitive(Ljava/lang/reflect/Method;)Z+18 java.base@16.0.2
j  jdk.internal.reflect.ReflectionFactory.newMethodAccessor(Ljava/lang/reflect/Method;)Ljdk/internal/reflect/MethodAccessor;+4 java.base@16.0.2
j  java.lang.reflect.Method.acquireMethodAccessor()Ljdk/internal/reflect/MethodAccessor;+33 java.base@16.0.2
j  java.lang.reflect.Method.invoke(Ljava/lang/Object;[Ljava/lang/Object;)Ljava/lang/Object;+52 java.base@16.0.2
j  org.apache.log4j.helpers.Loader.getTCL()Ljava/lang/ClassLoader;+41
j  org.apache.log4j.helpers.Loader.getResource(Ljava/lang/String;)Ljava/net/URL;+16
j  org.apache.log4j.LogManager.<clinit>()V+76
v  ~StubRoutines::call_stub
j  org.slf4j.impl.Log4jLoggerFactory.<init>()V+15
j  org.slf4j.impl.StaticLoggerBinder.<init>()V+9
j  org.slf4j.impl.StaticLoggerBinder.<clinit>()V+4
v  ~StubRoutines::call_stub
j  org.slf4j.LoggerFactory.bind()V+16
j  org.slf4j.LoggerFactory.performInitialization()V+0
j  org.slf4j.LoggerFactory.getILoggerFactory()Lorg/slf4j/ILoggerFactory;+21
j  org.slf4j.LoggerFactory.getLogger(Ljava/lang/String;)Lorg/slf4j/Logger;+0
j  org.slf4j.LoggerFactory.getLogger(Ljava/lang/Class;)Lorg/slf4j/Logger;+4
j  net.jacobpeterson.alpaca.AlpacaAPI.<clinit>()V+2
v  ~StubRoutines::call_stub
j  UI.Home.<init>()V+38
j  UI.Home$5.run()V+4
j  java.awt.event.InvocationEvent.dispatch()V+47 java.desktop@16.0.2
j  java.awt.EventQueue.dispatchEventImpl(Ljava/awt/AWTEvent;Ljava/lang/Object;)V+21 java.desktop@16.0.2
j  java.awt.EventQueue$4.run()Ljava/lang/Void;+32 java.desktop@16.0.2
j  java.awt.EventQueue$4.run()Ljava/lang/Object;+1 java.desktop@16.0.2
j  java.security.AccessController.executePrivileged(Ljava/security/PrivilegedAction;Ljava/security/AccessControlContext;Ljava/lang/Class;)Ljava/lang/Object;+29 java.base@16.0.2
j  java.security.AccessController.doPrivileged(Ljava/security/PrivilegedAction;Ljava/security/AccessControlContext;)Ljava/lang/Object;+13 java.base@16.0.2
j  java.security.ProtectionDomain$JavaSecurityAccessImpl.doIntersectionPrivilege(Ljava/security/PrivilegedAction;Ljava/security/AccessControlContext;Ljava/security/AccessControlContext;)Ljava/lang/Object;+18 java.base@16.0.2
j  java.awt.EventQueue.dispatchEvent(Ljava/awt/AWTEvent;)V+46 java.desktop@16.0.2
j  java.awt.EventDispatchThread.pumpOneEventForFilters(I)V+78 java.desktop@16.0.2
j  java.awt.EventDispatchThread.pumpEventsForFilter(ILjava/awt/Conditional;Ljava/awt/EventFilter;)V+35 java.desktop@16.0.2
j  java.awt.EventDispatchThread.pumpEventsForHierarchy(ILjava/awt/Conditional;Ljava/awt/Component;)V+11 java.desktop@16.0.2
j  java.awt.EventDispatchThread.pumpEvents(ILjava/awt/Conditional;)V+4 java.desktop@16.0.2
j  java.awt.EventDispatchThread.pumpEvents(Ljava/awt/Conditional;)V+3 java.desktop@16.0.2
j  java.awt.EventDispatchThread.run()V+9 java.desktop@16.0.2
v  ~StubRoutines::call_stub

---------------  P R O C E S S  ---------------

Threads class SMR info:
_java_thread_list=0x000001d4c1244440, length=16, elements={
0x000001d4bf0c1ff0, 0x000001d4bf0c2eb0, 0x000001d4bf0d2d50, 0x000001d4bf0d4960,
0x000001d4bf0d9480, 0x000001d4bf0d9e80, 0x000001d4bf0de0b0, 0x000001d4bf0e6bb0,
0x000001d4bf0fc900, 0x000001d4bfcaaca0, 0x000001d4bfcae940, 0x000001d4bff8fe30,
0x000001d4bff90350, 0x000001d4bff970a0, 0x000001d4bfff2940, 0x000001d4a1993630
}

Java Threads: ( => current thread )
  0x000001d4bf0c1ff0 JavaThread "Reference Handler" daemon [_thread_blocked, id=17056, stack(0x0000006a8d000000,0x0000006a8d100000)]
  0x000001d4bf0c2eb0 JavaThread "Finalizer" daemon [_thread_blocked, id=11764, stack(0x0000006a8d100000,0x0000006a8d200000)]
  0x000001d4bf0d2d50 JavaThread "Signal Dispatcher" daemon [_thread_blocked, id=8152, stack(0x0000006a8d200000,0x0000006a8d300000)]
  0x000001d4bf0d4960 JavaThread "Attach Listener" daemon [_thread_blocked, id=5476, stack(0x0000006a8d300000,0x0000006a8d400000)]
  0x000001d4bf0d9480 JavaThread "Service Thread" daemon [_thread_blocked, id=11384, stack(0x0000006a8d400000,0x0000006a8d500000)]
  0x000001d4bf0d9e80 JavaThread "Monitor Deflation Thread" daemon [_thread_blocked, id=12512, stack(0x0000006a8d500000,0x0000006a8d600000)]
  0x000001d4bf0de0b0 JavaThread "C2 CompilerThread0" daemon [_thread_blocked, id=7556, stack(0x0000006a8d600000,0x0000006a8d700000)]
  0x000001d4bf0e6bb0 JavaThread "C1 CompilerThread0" daemon [_thread_blocked, id=20788, stack(0x0000006a8d700000,0x0000006a8d800000)]
  0x000001d4bf0fc900 JavaThread "Sweeper thread" daemon [_thread_blocked, id=8380, stack(0x0000006a8d800000,0x0000006a8d900000)]
  0x000001d4bfcaaca0 JavaThread "Notification Thread" daemon [_thread_blocked, id=17900, stack(0x0000006a8d900000,0x0000006a8da00000)]
  0x000001d4bfcae940 JavaThread "Common-Cleaner" daemon [_thread_blocked, id=1988, stack(0x0000006a8db00000,0x0000006a8dc00000)]
  0x000001d4bff8fe30 JavaThread "Java2D Disposer" daemon [_thread_blocked, id=18436, stack(0x0000006a8dc00000,0x0000006a8dd00000)]
  0x000001d4bff90350 JavaThread "AWT-Shutdown" [_thread_blocked, id=3932, stack(0x0000006a8dd00000,0x0000006a8de00000)]
  0x000001d4bff970a0 JavaThread "AWT-Windows" daemon [_thread_in_native, id=9856, stack(0x0000006a8de00000,0x0000006a8df00000)]
=>0x000001d4bfff2940 JavaThread "AWT-EventQueue-0" [_thread_in_vm, id=21036, stack(0x0000006a8df00000,0x0000006a8e000000)]
  0x000001d4a1993630 JavaThread "DestroyJavaVM" [_thread_blocked, id=2760, stack(0x0000006a8c900000,0x0000006a8ca00000)]

Other Threads:
  0x000001d4bf0bdfa0 VMThread "VM Thread" [stack: 0x0000006a8cf00000,0x0000006a8d000000] [id=20888]
  0x000001d4bfcad000 WatcherThread [stack: 0x0000006a8da00000,0x0000006a8db00000] [id=8364]
  0x000001d4a19ccb30 GCTaskThread "GC Thread#0" [stack: 0x0000006a8ca00000,0x0000006a8cb00000] [id=5488]
  0x000001d4a19de980 ConcurrentGCThread "G1 Main Marker" [stack: 0x0000006a8cb00000,0x0000006a8cc00000] [id=10788]
  0x000001d4a19dfc10 ConcurrentGCThread "G1 Conc#0" [stack: 0x0000006a8cc00000,0x0000006a8cd00000] [id=22152]
  0x000001d4a1a5a0a0 ConcurrentGCThread "G1 Refine#0" [stack: 0x0000006a8cd00000,0x0000006a8ce00000] [id=16136]
  0x000001d4a1a5aba0 ConcurrentGCThread "G1 Service" [stack: 0x0000006a8ce00000,0x0000006a8cf00000] [id=13012]

Threads with active compile tasks:

VM state: not at safepoint (normal execution)

VM Mutex/Monitor currently owned by a thread:  ([mutex/lock_event])
[0x000001d49f896890] MetaspaceExpand_lock - owner thread: 0x000001d4bfff2940

Heap address: 0x0000000081800000, size: 2024 MB, Compressed Oops mode: 32-bit

CDS archive(s) mapped at: [0x0000000800000000-0x0000000800bb0000-0x0000000800bb0000), size 12255232, SharedBaseAddress: 0x0000000800000000, ArchiveRelocationMode: 0.
Compressed class space mapped at: 0x0000000800c00000-0x0000000840c00000, reserved size: 1073741824
Narrow klass base: 0x0000000800000000, Narrow klass shift: 3, Narrow klass range: 0x100000000

GC Precious Log:
 CPUs: 4 total, 4 available
 Memory: 8094M
 Large Page Support: Disabled
 NUMA Support: Disabled
 Compressed Oops: Enabled (32-bit)
 Heap Region Size: 1M
 Heap Min Capacity: 8M
 Heap Initial Capacity: 128M
 Heap Max Capacity: 2024M
 Pre-touch: Disabled
 Parallel Workers: 4
 Concurrent Workers: 1
 Concurrent Refinement Workers: 4
 Periodic GC: Disabled

Heap:
 garbage-first heap   total 131072K, used 7168K [0x0000000081800000, 0x0000000100000000)
  region size 1024K, 8 young (8192K), 0 survivors (0K)
 Metaspace       used 8797K, committed 8960K, reserved 1056768K
  class space    used 1030K, committed 1152K, reserved 1048576K

Heap Regions: E=young(eden), S=young(survivor), O=old, HS=humongous(starts), HC=humongous(continues), CS=collection set, F=free, OA=open archive, CA=closed archive, TAMS=top-at-mark-start (previous, next)
|   0|0x0000000081800000, 0x0000000081800000, 0x0000000081900000|  0%| F|  |TAMS 0x0000000081800000, 0x0000000081800000| Untracked 
|   1|0x0000000081900000, 0x0000000081900000, 0x0000000081a00000|  0%| F|  |TAMS 0x0000000081900000, 0x0000000081900000| Untracked 
|   2|0x0000000081a00000, 0x0000000081a00000, 0x0000000081b00000|  0%| F|  |TAMS 0x0000000081a00000, 0x0000000081a00000| Untracked 
|   3|0x0000000081b00000, 0x0000000081b00000, 0x0000000081c00000|  0%| F|  |TAMS 0x0000000081b00000, 0x0000000081b00000| Untracked 
|   4|0x0000000081c00000, 0x0000000081c00000, 0x0000000081d00000|  0%| F|  |TAMS 0x0000000081c00000, 0x0000000081c00000| Untracked 
|   5|0x0000000081d00000, 0x0000000081d00000, 0x0000000081e00000|  0%| F|  |TAMS 0x0000000081d00000, 0x0000000081d00000| Untracked 
|   6|0x0000000081e00000, 0x0000000081e00000, 0x0000000081f00000|  0%| F|  |TAMS 0x0000000081e00000, 0x0000000081e00000| Untracked 
|   7|0x0000000081f00000, 0x0000000081f00000, 0x0000000082000000|  0%| F|  |TAMS 0x0000000081f00000, 0x0000000081f00000| Untracked 
|   8|0x0000000082000000, 0x0000000082000000, 0x0000000082100000|  0%| F|  |TAMS 0x0000000082000000, 0x0000000082000000| Untracked 
|   9|0x0000000082100000, 0x0000000082100000, 0x0000000082200000|  0%| F|  |TAMS 0x0000000082100000, 0x0000000082100000| Untracked 
|  10|0x0000000082200000, 0x0000000082200000, 0x0000000082300000|  0%| F|  |TAMS 0x0000000082200000, 0x0000000082200000| Untracked 
|  11|0x0000000082300000, 0x0000000082300000, 0x0000000082400000|  0%| F|  |TAMS 0x0000000082300000, 0x0000000082300000| Untracked 
|  12|0x0000000082400000, 0x0000000082400000, 0x0000000082500000|  0%| F|  |TAMS 0x0000000082400000, 0x0000000082400000| Untracked 
|  13|0x0000000082500000, 0x0000000082500000, 0x0000000082600000|  0%| F|  |TAMS 0x0000000082500000, 0x0000000082500000| Untracked 
|  14|0x0000000082600000, 0x0000000082600000, 0x0000000082700000|  0%| F|  |TAMS 0x0000000082600000, 0x0000000082600000| Untracked 
|  15|0x0000000082700000, 0x0000000082700000, 0x0000000082800000|  0%| F|  |TAMS 0x0000000082700000, 0x0000000082700000| Untracked 
|  16|0x0000000082800000, 0x0000000082800000, 0x0000000082900000|  0%| F|  |TAMS 0x0000000082800000, 0x0000000082800000| Untracked 
|  17|0x0000000082900000, 0x0000000082900000, 0x0000000082a00000|  0%| F|  |TAMS 0x0000000082900000, 0x0000000082900000| Untracked 
|  18|0x0000000082a00000, 0x0000000082a00000, 0x0000000082b00000|  0%| F|  |TAMS 0x0000000082a00000, 0x0000000082a00000| Untracked 
|  19|0x0000000082b00000, 0x0000000082b00000, 0x0000000082c00000|  0%| F|  |TAMS 0x0000000082b00000, 0x0000000082b00000| Untracked 
|  20|0x0000000082c00000, 0x0000000082c00000, 0x0000000082d00000|  0%| F|  |TAMS 0x0000000082c00000, 0x0000000082c00000| Untracked 
|  21|0x0000000082d00000, 0x0000000082d00000, 0x0000000082e00000|  0%| F|  |TAMS 0x0000000082d00000, 0x0000000082d00000| Untracked 
|  22|0x0000000082e00000, 0x0000000082e00000, 0x0000000082f00000|  0%| F|  |TAMS 0x0000000082e00000, 0x0000000082e00000| Untracked 
|  23|0x0000000082f00000, 0x0000000082f00000, 0x0000000083000000|  0%| F|  |TAMS 0x0000000082f00000, 0x0000000082f00000| Untracked 
|  24|0x0000000083000000, 0x0000000083000000, 0x0000000083100000|  0%| F|  |TAMS 0x0000000083000000, 0x0000000083000000| Untracked 
|  25|0x0000000083100000, 0x0000000083100000, 0x0000000083200000|  0%| F|  |TAMS 0x0000000083100000, 0x0000000083100000| Untracked 
|  26|0x0000000083200000, 0x0000000083200000, 0x0000000083300000|  0%| F|  |TAMS 0x0000000083200000, 0x0000000083200000| Untracked 
|  27|0x0000000083300000, 0x0000000083300000, 0x0000000083400000|  0%| F|  |TAMS 0x0000000083300000, 0x0000000083300000| Untracked 
|  28|0x0000000083400000, 0x0000000083400000, 0x0000000083500000|  0%| F|  |TAMS 0x0000000083400000, 0x0000000083400000| Untracked 
|  29|0x0000000083500000, 0x0000000083500000, 0x0000000083600000|  0%| F|  |TAMS 0x0000000083500000, 0x0000000083500000| Untracked 
|  30|0x0000000083600000, 0x0000000083600000, 0x0000000083700000|  0%| F|  |TAMS 0x0000000083600000, 0x0000000083600000| Untracked 
|  31|0x0000000083700000, 0x0000000083700000, 0x0000000083800000|  0%| F|  |TAMS 0x0000000083700000, 0x0000000083700000| Untracked 
|  32|0x0000000083800000, 0x0000000083800000, 0x0000000083900000|  0%| F|  |TAMS 0x0000000083800000, 0x0000000083800000| Untracked 
|  33|0x0000000083900000, 0x0000000083900000, 0x0000000083a00000|  0%| F|  |TAMS 0x0000000083900000, 0x0000000083900000| Untracked 
|  34|0x0000000083a00000, 0x0000000083a00000, 0x0000000083b00000|  0%| F|  |TAMS 0x0000000083a00000, 0x0000000083a00000| Untracked 
|  35|0x0000000083b00000, 0x0000000083b00000, 0x0000000083c00000|  0%| F|  |TAMS 0x0000000083b00000, 0x0000000083b00000| Untracked 
|  36|0x0000000083c00000, 0x0000000083c00000, 0x0000000083d00000|  0%| F|  |TAMS 0x0000000083c00000, 0x0000000083c00000| Untracked 
|  37|0x0000000083d00000, 0x0000000083d00000, 0x0000000083e00000|  0%| F|  |TAMS 0x0000000083d00000, 0x0000000083d00000| Untracked 
|  38|0x0000000083e00000, 0x0000000083e00000, 0x0000000083f00000|  0%| F|  |TAMS 0x0000000083e00000, 0x0000000083e00000| Untracked 
|  39|0x0000000083f00000, 0x0000000083f00000, 0x0000000084000000|  0%| F|  |TAMS 0x0000000083f00000, 0x0000000083f00000| Untracked 
|  40|0x0000000084000000, 0x0000000084000000, 0x0000000084100000|  0%| F|  |TAMS 0x0000000084000000, 0x0000000084000000| Untracked 
|  41|0x0000000084100000, 0x0000000084100000, 0x0000000084200000|  0%| F|  |TAMS 0x0000000084100000, 0x0000000084100000| Untracked 
|  42|0x0000000084200000, 0x0000000084200000, 0x0000000084300000|  0%| F|  |TAMS 0x0000000084200000, 0x0000000084200000| Untracked 
|  43|0x0000000084300000, 0x0000000084300000, 0x0000000084400000|  0%| F|  |TAMS 0x0000000084300000, 0x0000000084300000| Untracked 
|  44|0x0000000084400000, 0x0000000084400000, 0x0000000084500000|  0%| F|  |TAMS 0x0000000084400000, 0x0000000084400000| Untracked 
|  45|0x0000000084500000, 0x0000000084500000, 0x0000000084600000|  0%| F|  |TAMS 0x0000000084500000, 0x0000000084500000| Untracked 
|  46|0x0000000084600000, 0x0000000084600000, 0x0000000084700000|  0%| F|  |TAMS 0x0000000084600000, 0x0000000084600000| Untracked 
|  47|0x0000000084700000, 0x0000000084700000, 0x0000000084800000|  0%| F|  |TAMS 0x0000000084700000, 0x0000000084700000| Untracked 
|  48|0x0000000084800000, 0x0000000084800000, 0x0000000084900000|  0%| F|  |TAMS 0x0000000084800000, 0x0000000084800000| Untracked 
|  49|0x0000000084900000, 0x0000000084900000, 0x0000000084a00000|  0%| F|  |TAMS 0x0000000084900000, 0x0000000084900000| Untracked 
|  50|0x0000000084a00000, 0x0000000084a00000, 0x0000000084b00000|  0%| F|  |TAMS 0x0000000084a00000, 0x0000000084a00000| Untracked 
|  51|0x0000000084b00000, 0x0000000084b00000, 0x0000000084c00000|  0%| F|  |TAMS 0x0000000084b00000, 0x0000000084b00000| Untracked 
|  52|0x0000000084c00000, 0x0000000084c00000, 0x0000000084d00000|  0%| F|  |TAMS 0x0000000084c00000, 0x0000000084c00000| Untracked 
|  53|0x0000000084d00000, 0x0000000084d00000, 0x0000000084e00000|  0%| F|  |TAMS 0x0000000084d00000, 0x0000000084d00000| Untracked 
|  54|0x0000000084e00000, 0x0000000084e00000, 0x0000000084f00000|  0%| F|  |TAMS 0x0000000084e00000, 0x0000000084e00000| Untracked 
|  55|0x0000000084f00000, 0x0000000084f00000, 0x0000000085000000|  0%| F|  |TAMS 0x0000000084f00000, 0x0000000084f00000| Untracked 
|  56|0x0000000085000000, 0x0000000085000000, 0x0000000085100000|  0%| F|  |TAMS 0x0000000085000000, 0x0000000085000000| Untracked 
|  57|0x0000000085100000, 0x0000000085100000, 0x0000000085200000|  0%| F|  |TAMS 0x0000000085100000, 0x0000000085100000| Untracked 
|  58|0x0000000085200000, 0x0000000085200000, 0x0000000085300000|  0%| F|  |TAMS 0x0000000085200000, 0x0000000085200000| Untracked 
|  59|0x0000000085300000, 0x0000000085300000, 0x0000000085400000|  0%| F|  |TAMS 0x0000000085300000, 0x0000000085300000| Untracked 
|  60|0x0000000085400000, 0x0000000085400000, 0x0000000085500000|  0%| F|  |TAMS 0x0000000085400000, 0x0000000085400000| Untracked 
|  61|0x0000000085500000, 0x0000000085500000, 0x0000000085600000|  0%| F|  |TAMS 0x0000000085500000, 0x0000000085500000| Untracked 
|  62|0x0000000085600000, 0x0000000085600000, 0x0000000085700000|  0%| F|  |TAMS 0x0000000085600000, 0x0000000085600000| Untracked 
|  63|0x0000000085700000, 0x0000000085700000, 0x0000000085800000|  0%| F|  |TAMS 0x0000000085700000, 0x0000000085700000| Untracked 
|  64|0x0000000085800000, 0x0000000085800000, 0x0000000085900000|  0%| F|  |TAMS 0x0000000085800000, 0x0000000085800000| Untracked 
|  65|0x0000000085900000, 0x0000000085900000, 0x0000000085a00000|  0%| F|  |TAMS 0x0000000085900000, 0x0000000085900000| Untracked 
|  66|0x0000000085a00000, 0x0000000085a00000, 0x0000000085b00000|  0%| F|  |TAMS 0x0000000085a00000, 0x0000000085a00000| Untracked 
|  67|0x0000000085b00000, 0x0000000085b00000, 0x0000000085c00000|  0%| F|  |TAMS 0x0000000085b00000, 0x0000000085b00000| Untracked 
|  68|0x0000000085c00000, 0x0000000085c00000, 0x0000000085d00000|  0%| F|  |TAMS 0x0000000085c00000, 0x0000000085c00000| Untracked 
|  69|0x0000000085d00000, 0x0000000085d00000, 0x0000000085e00000|  0%| F|  |TAMS 0x0000000085d00000, 0x0000000085d00000| Untracked 
|  70|0x0000000085e00000, 0x0000000085e00000, 0x0000000085f00000|  0%| F|  |TAMS 0x0000000085e00000, 0x0000000085e00000| Untracked 
|  71|0x0000000085f00000, 0x0000000085f00000, 0x0000000086000000|  0%| F|  |TAMS 0x0000000085f00000, 0x0000000085f00000| Untracked 
|  72|0x0000000086000000, 0x0000000086000000, 0x0000000086100000|  0%| F|  |TAMS 0x0000000086000000, 0x0000000086000000| Untracked 
|  73|0x0000000086100000, 0x0000000086100000, 0x0000000086200000|  0%| F|  |TAMS 0x0000000086100000, 0x0000000086100000| Untracked 
|  74|0x0000000086200000, 0x0000000086200000, 0x0000000086300000|  0%| F|  |TAMS 0x0000000086200000, 0x0000000086200000| Untracked 
|  75|0x0000000086300000, 0x0000000086300000, 0x0000000086400000|  0%| F|  |TAMS 0x0000000086300000, 0x0000000086300000| Untracked 
|  76|0x0000000086400000, 0x0000000086400000, 0x0000000086500000|  0%| F|  |TAMS 0x0000000086400000, 0x0000000086400000| Untracked 
|  77|0x0000000086500000, 0x0000000086500000, 0x0000000086600000|  0%| F|  |TAMS 0x0000000086500000, 0x0000000086500000| Untracked 
|  78|0x0000000086600000, 0x0000000086600000, 0x0000000086700000|  0%| F|  |TAMS 0x0000000086600000, 0x0000000086600000| Untracked 
|  79|0x0000000086700000, 0x0000000086700000, 0x0000000086800000|  0%| F|  |TAMS 0x0000000086700000, 0x0000000086700000| Untracked 
|  80|0x0000000086800000, 0x0000000086800000, 0x0000000086900000|  0%| F|  |TAMS 0x0000000086800000, 0x0000000086800000| Untracked 
|  81|0x0000000086900000, 0x0000000086900000, 0x0000000086a00000|  0%| F|  |TAMS 0x0000000086900000, 0x0000000086900000| Untracked 
|  82|0x0000000086a00000, 0x0000000086a00000, 0x0000000086b00000|  0%| F|  |TAMS 0x0000000086a00000, 0x0000000086a00000| Untracked 
|  83|0x0000000086b00000, 0x0000000086b00000, 0x0000000086c00000|  0%| F|  |TAMS 0x0000000086b00000, 0x0000000086b00000| Untracked 
|  84|0x0000000086c00000, 0x0000000086c00000, 0x0000000086d00000|  0%| F|  |TAMS 0x0000000086c00000, 0x0000000086c00000| Untracked 
|  85|0x0000000086d00000, 0x0000000086d00000, 0x0000000086e00000|  0%| F|  |TAMS 0x0000000086d00000, 0x0000000086d00000| Untracked 
|  86|0x0000000086e00000, 0x0000000086e00000, 0x0000000086f00000|  0%| F|  |TAMS 0x0000000086e00000, 0x0000000086e00000| Untracked 
|  87|0x0000000086f00000, 0x0000000086f00000, 0x0000000087000000|  0%| F|  |TAMS 0x0000000086f00000, 0x0000000086f00000| Untracked 
|  88|0x0000000087000000, 0x0000000087000000, 0x0000000087100000|  0%| F|  |TAMS 0x0000000087000000, 0x0000000087000000| Untracked 
|  89|0x0000000087100000, 0x0000000087100000, 0x0000000087200000|  0%| F|  |TAMS 0x0000000087100000, 0x0000000087100000| Untracked 
|  90|0x0000000087200000, 0x0000000087200000, 0x0000000087300000|  0%| F|  |TAMS 0x0000000087200000, 0x0000000087200000| Untracked 
|  91|0x0000000087300000, 0x0000000087300000, 0x0000000087400000|  0%| F|  |TAMS 0x0000000087300000, 0x0000000087300000| Untracked 
|  92|0x0000000087400000, 0x0000000087400000, 0x0000000087500000|  0%| F|  |TAMS 0x0000000087400000, 0x0000000087400000| Untracked 
|  93|0x0000000087500000, 0x0000000087500000, 0x0000000087600000|  0%| F|  |TAMS 0x0000000087500000, 0x0000000087500000| Untracked 
|  94|0x0000000087600000, 0x0000000087600000, 0x0000000087700000|  0%| F|  |TAMS 0x0000000087600000, 0x0000000087600000| Untracked 
|  95|0x0000000087700000, 0x0000000087700000, 0x0000000087800000|  0%| F|  |TAMS 0x0000000087700000, 0x0000000087700000| Untracked 
|  96|0x0000000087800000, 0x0000000087800000, 0x0000000087900000|  0%| F|  |TAMS 0x0000000087800000, 0x0000000087800000| Untracked 
|  97|0x0000000087900000, 0x0000000087900000, 0x0000000087a00000|  0%| F|  |TAMS 0x0000000087900000, 0x0000000087900000| Untracked 
|  98|0x0000000087a00000, 0x0000000087a00000, 0x0000000087b00000|  0%| F|  |TAMS 0x0000000087a00000, 0x0000000087a00000| Untracked 
|  99|0x0000000087b00000, 0x0000000087b00000, 0x0000000087c00000|  0%| F|  |TAMS 0x0000000087b00000, 0x0000000087b00000| Untracked 
| 100|0x0000000087c00000, 0x0000000087c00000, 0x0000000087d00000|  0%| F|  |TAMS 0x0000000087c00000, 0x0000000087c00000| Untracked 
| 101|0x0000000087d00000, 0x0000000087d00000, 0x0000000087e00000|  0%| F|  |TAMS 0x0000000087d00000, 0x0000000087d00000| Untracked 
| 102|0x0000000087e00000, 0x0000000087e00000, 0x0000000087f00000|  0%| F|  |TAMS 0x0000000087e00000, 0x0000000087e00000| Untracked 
| 103|0x0000000087f00000, 0x0000000087f00000, 0x0000000088000000|  0%| F|  |TAMS 0x0000000087f00000, 0x0000000087f00000| Untracked 
| 104|0x0000000088000000, 0x0000000088000000, 0x0000000088100000|  0%| F|  |TAMS 0x0000000088000000, 0x0000000088000000| Untracked 
| 105|0x0000000088100000, 0x0000000088100000, 0x0000000088200000|  0%| F|  |TAMS 0x0000000088100000, 0x0000000088100000| Untracked 
| 106|0x0000000088200000, 0x0000000088200000, 0x0000000088300000|  0%| F|  |TAMS 0x0000000088200000, 0x0000000088200000| Untracked 
| 107|0x0000000088300000, 0x0000000088300000, 0x0000000088400000|  0%| F|  |TAMS 0x0000000088300000, 0x0000000088300000| Untracked 
| 108|0x0000000088400000, 0x0000000088400000, 0x0000000088500000|  0%| F|  |TAMS 0x0000000088400000, 0x0000000088400000| Untracked 
| 109|0x0000000088500000, 0x0000000088500000, 0x0000000088600000|  0%| F|  |TAMS 0x0000000088500000, 0x0000000088500000| Untracked 
| 110|0x0000000088600000, 0x0000000088600000, 0x0000000088700000|  0%| F|  |TAMS 0x0000000088600000, 0x0000000088600000| Untracked 
| 111|0x0000000088700000, 0x0000000088700000, 0x0000000088800000|  0%| F|  |TAMS 0x0000000088700000, 0x0000000088700000| Untracked 
| 112|0x0000000088800000, 0x0000000088800000, 0x0000000088900000|  0%| F|  |TAMS 0x0000000088800000, 0x0000000088800000| Untracked 
| 113|0x0000000088900000, 0x0000000088900000, 0x0000000088a00000|  0%| F|  |TAMS 0x0000000088900000, 0x0000000088900000| Untracked 
| 114|0x0000000088a00000, 0x0000000088a00000, 0x0000000088b00000|  0%| F|  |TAMS 0x0000000088a00000, 0x0000000088a00000| Untracked 
| 115|0x0000000088b00000, 0x0000000088b00000, 0x0000000088c00000|  0%| F|  |TAMS 0x0000000088b00000, 0x0000000088b00000| Untracked 
| 116|0x0000000088c00000, 0x0000000088c00000, 0x0000000088d00000|  0%| F|  |TAMS 0x0000000088c00000, 0x0000000088c00000| Untracked 
| 117|0x0000000088d00000, 0x0000000088d00000, 0x0000000088e00000|  0%| F|  |TAMS 0x0000000088d00000, 0x0000000088d00000| Untracked 
| 118|0x0000000088e00000, 0x0000000088e00000, 0x0000000088f00000|  0%| F|  |TAMS 0x0000000088e00000, 0x0000000088e00000| Untracked 
| 119|0x0000000088f00000, 0x0000000088f00000, 0x0000000089000000|  0%| F|  |TAMS 0x0000000088f00000, 0x0000000088f00000| Untracked 
| 120|0x0000000089000000, 0x0000000089086760, 0x0000000089100000| 52%| E|  |TAMS 0x0000000089000000, 0x0000000089000000| Complete 
| 121|0x0000000089100000, 0x0000000089200000, 0x0000000089200000|100%| E|CS|TAMS 0x0000000089100000, 0x0000000089100000| Complete 
| 122|0x0000000089200000, 0x0000000089300000, 0x0000000089300000|100%| E|CS|TAMS 0x0000000089200000, 0x0000000089200000| Complete 
| 123|0x0000000089300000, 0x0000000089400000, 0x0000000089400000|100%| E|CS|TAMS 0x0000000089300000, 0x0000000089300000| Complete 
| 124|0x0000000089400000, 0x0000000089500000, 0x0000000089500000|100%| E|CS|TAMS 0x0000000089400000, 0x0000000089400000| Complete 
| 125|0x0000000089500000, 0x0000000089600000, 0x0000000089600000|100%| E|CS|TAMS 0x0000000089500000, 0x0000000089500000| Complete 
| 126|0x0000000089600000, 0x0000000089700000, 0x0000000089700000|100%| E|CS|TAMS 0x0000000089600000, 0x0000000089600000| Complete 
| 127|0x0000000089700000, 0x0000000089800000, 0x0000000089800000|100%| E|CS|TAMS 0x0000000089700000, 0x0000000089700000| Complete 

Card table byte_map: [0x000001d4b8500000,0x000001d4b8900000] _byte_map_base: 0x000001d4b80f4000

Marking Bits (Prev, Next): (CMBitMap*) 0x000001d4a19ce230, (CMBitMap*) 0x000001d4a19ce270
 Prev Bits: [0x000001d4b8d00000, 0x000001d4baca0000)
 Next Bits: [0x000001d4baca0000, 0x000001d4bcc40000)

Polling page: 0x000001d49f820000

Metaspace:

Usage:
  Non-class:      7.58 MB used.
      Class:      1.01 MB used.
       Both:      8.59 MB used.

Virtual space:
  Non-class space:        8.00 MB reserved,       7.63 MB ( 95%) committed,  1 nodes.
      Class space:        1.00 GB reserved,       1.13 MB ( <1%) committed,  1 nodes.
              Both:        1.01 GB reserved,       8.75 MB ( <1%) committed. 

Chunk freelists:
   Non-Class:  320.00 KB
       Class:  2.72 MB
        Both:  3.03 MB

MaxMetaspaceSize: 17179869184.00 GB
CompressedClassSpaceSize: 1.00 GB
 - commit_granule_bytes: 65536.
 - commit_granule_words: 8192.
 - virtual_space_node_default_size: 1048576.
 - enlarge_chunks_in_place: 1.
 - new_chunks_are_fully_committed: 0.
 - uncommit_free_chunks: 1.
 - use_allocation_guard: 0.
 - handle_deallocations: 1.


Internal statistics:

num_allocs_failed_limit: 0.
num_arena_births: 108.
num_arena_deaths: 0.
num_vsnodes_births: 2.
num_vsnodes_deaths: 0.
num_space_committed: 140.
num_space_uncommitted: 0.
num_chunks_returned_to_freelist: 0.
num_chunks_taken_from_freelist: 154.
num_chunk_merges: 0.
num_chunk_splits: 91.
num_chunks_enlarged: 44.
num_purges: 0.

CodeHeap 'non-profiled nmethods': size=120000Kb used=231Kb max_used=231Kb free=119768Kb
 bounds [0x000001d4b0bd0000, 0x000001d4b0e40000, 0x000001d4b8100000]
CodeHeap 'profiled nmethods': size=120000Kb used=1349Kb max_used=1349Kb free=118650Kb
 bounds [0x000001d4a96a0000, 0x000001d4a9910000, 0x000001d4b0bd0000]
CodeHeap 'non-nmethods': size=5760Kb used=1254Kb max_used=1271Kb free=4505Kb
 bounds [0x000001d4a9100000, 0x000001d4a9370000, 0x000001d4a96a0000]
 total_blobs=1399 nmethods=828 adapters=484
 compilation: enabled
              stopped_count=0, restarted_count=0
 full_count=0

Compilation events (20 events):
Event: 2.578 Thread 0x000001d4bf0e6bb0  819   !   3       java.util.zip.ZipFile::getEntry (59 bytes)
Event: 2.578 Thread 0x000001d4bf0e6bb0 nmethod 819 0x000001d4a97ed910 code [0x000001d4a97edb00, 0x000001d4a97edf78]
Event: 2.578 Thread 0x000001d4bf0e6bb0  818   !   3       jdk.internal.loader.URLClassPath$JarLoader::getResource (65 bytes)
Event: 2.579 Thread 0x000001d4bf0de0b0  821       4       java.util.Arrays::copyOfRange (64 bytes)
Event: 2.579 Thread 0x000001d4bf0e6bb0 nmethod 818 0x000001d4a97ee210 code [0x000001d4a97ee480, 0x000001d4a97eee28]
Event: 2.579 Thread 0x000001d4bf0e6bb0  820       1       java.net.URL::getUserInfo (5 bytes)
Event: 2.580 Thread 0x000001d4bf0e6bb0 nmethod 820 0x000001d4b0c08710 code [0x000001d4b0c088a0, 0x000001d4b0c08978]
Event: 2.582 Thread 0x000001d4bf0de0b0 nmethod 821 0x000001d4b0c08a10 code [0x000001d4b0c08ba0, 0x000001d4b0c08e18]
Event: 2.585 Thread 0x000001d4bf0e6bb0  822       1       jdk.internal.loader.URLClassPath$Loader::getBaseURL (5 bytes)
Event: 2.585 Thread 0x000001d4bf0e6bb0 nmethod 822 0x000001d4b0c08f90 code [0x000001d4b0c09120, 0x000001d4b0c091f8]
Event: 2.587 Thread 0x000001d4bf0e6bb0  823       3       java.lang.String::toLowerCase (29 bytes)
Event: 2.587 Thread 0x000001d4bf0e6bb0 nmethod 823 0x000001d4a97ef190 code [0x000001d4a97ef360, 0x000001d4a97ef618]
Event: 2.587 Thread 0x000001d4bf0e6bb0  824       3       java.lang.StringLatin1::toLowerCase (186 bytes)
Event: 2.588 Thread 0x000001d4bf0e6bb0 nmethod 824 0x000001d4a97ef710 code [0x000001d4a97ef9a0, 0x000001d4a97f04f8]
Event: 2.594 Thread 0x000001d4bf0de0b0  825       4       java.lang.StringLatin1::lastIndexOf (40 bytes)
Event: 2.595 Thread 0x000001d4bf0e6bb0  826       3       java.lang.String::regionMatches (150 bytes)
Event: 2.596 Thread 0x000001d4bf0e6bb0 nmethod 826 0x000001d4a97f0910 code [0x000001d4a97f0b60, 0x000001d4a97f1368]
Event: 2.596 Thread 0x000001d4bf0e6bb0  827       1       java.security.CodeSource::getLocationNoFragString (5 bytes)
Event: 2.596 Thread 0x000001d4bf0e6bb0 nmethod 827 0x000001d4b0c09290 code [0x000001d4b0c09420, 0x000001d4b0c094f8]
Event: 2.599 Thread 0x000001d4bf0de0b0 nmethod 825 0x000001d4b0c09590 code [0x000001d4b0c09720, 0x000001d4b0c098f8]

GC Heap History (0 events):
No events

Deoptimization events (6 events):
Event: 0.980 Thread 0x000001d4a1993630 DEOPT PACKING pc=0x000001d4a96b6967 sp=0x0000006a8c9fdbf0
Event: 0.980 Thread 0x000001d4a1993630 DEOPT UNPACKING pc=0x000001d4a914dece sp=0x0000006a8c9fd010 mode 0
Event: 2.232 Thread 0x000001d4bfff2940 Uncommon trap: trap_request=0xffffff45 fr.pc=0x000001d4b0bf6c98 relative=0x00000000000008f8
Event: 2.232 Thread 0x000001d4bfff2940 Uncommon trap: reason=unstable_if action=reinterpret pc=0x000001d4b0bf6c98 method=java.util.HashMap.putVal(ILjava/lang/Object;Ljava/lang/Object;ZZ)Ljava/lang/Object; @ 109 c2
Event: 2.232 Thread 0x000001d4bfff2940 DEOPT PACKING pc=0x000001d4b0bf6c98 sp=0x0000006a8dffd680
Event: 2.232 Thread 0x000001d4bfff2940 DEOPT UNPACKING pc=0x000001d4a914d72e sp=0x0000006a8dffd628 mode 2

Classes unloaded (0 events):
No events

Classes redefined (0 events):
No events

Internal exceptions (20 events):
Event: 1.326 Thread 0x000001d4a1993630 Exception <a 'java/lang/ClassNotFoundException'{0x00000000893d8260}: TextPane> (0x00000000893d8260) 
thrown [t:\workspace\open\src\hotspot\share\classfile\systemDictionary.cpp, line 256]
Event: 1.326 Thread 0x000001d4a1993630 Exception <a 'java/lang/ClassNotFoundException'{0x00000000893d86c8}: EditorPane> (0x00000000893d86c8) 
thrown [t:\workspace\open\src\hotspot\share\classfile\systemDictionary.cpp, line 256]
Event: 1.329 Thread 0x000001d4a1993630 Exception <a 'java/lang/ClassNotFoundException'{0x00000000893d9028}: ToolBar> (0x00000000893d9028) 
thrown [t:\workspace\open\src\hotspot\share\classfile\systemDictionary.cpp, line 256]
Event: 1.330 Thread 0x000001d4a1993630 Exception <a 'java/lang/ClassNotFoundException'{0x00000000893d9520}: ToolBar> (0x00000000893d9520) 
thrown [t:\workspace\open\src\hotspot\share\classfile\systemDictionary.cpp, line 256]
Event: 1.330 Thread 0x000001d4a1993630 Exception <a 'java/lang/ClassNotFoundException'{0x00000000893d9880}: Button> (0x00000000893d9880) 
thrown [t:\workspace\open\src\hotspot\share\classfile\systemDictionary.cpp, line 256]
Event: 1.330 Thread 0x000001d4a1993630 Exception <a 'java/lang/ClassNotFoundException'{0x00000000893d9d48}: ToolBar> (0x00000000893d9d48) 
thrown [t:\workspace\open\src\hotspot\share\classfile\systemDictionary.cpp, line 256]
Event: 1.330 Thread 0x000001d4a1993630 Exception <a 'java/lang/ClassNotFoundException'{0x00000000893da0b8}: ToggleButton> (0x00000000893da0b8) 
thrown [t:\workspace\open\src\hotspot\share\classfile\systemDictionary.cpp, line 256]
Event: 1.330 Thread 0x000001d4a1993630 Exception <a 'java/lang/ClassNotFoundException'{0x00000000893da4f8}: javax/swing/JToolBarSeparator> (0x00000000893da4f8) 
thrown [t:\workspace\open\src\hotspot\share\classfile\systemDictionary.cpp, line 256]
Event: 1.330 Thread 0x000001d4a1993630 Exception <a 'java/lang/ClassNotFoundException'{0x00000000893da800}: ToolBarSeparator> (0x00000000893da800) 
thrown [t:\workspace\open\src\hotspot\share\classfile\systemDictionary.cpp, line 256]
Event: 1.333 Thread 0x000001d4a1993630 Exception <a 'java/lang/ClassNotFoundException'{0x00000000893dad18}: ToolTip> (0x00000000893dad18) 
thrown [t:\workspace\open\src\hotspot\share\classfile\systemDictionary.cpp, line 256]
Event: 1.337 Thread 0x000001d4a1993630 Exception <a 'java/lang/ClassNotFoundException'{0x00000000893db668}: Tree> (0x00000000893db668) 
thrown [t:\workspace\open\src\hotspot\share\classfile\systemDictionary.cpp, line 256]
Event: 1.337 Thread 0x000001d4a1993630 Exception <a 'java/lang/ClassNotFoundException'{0x00000000893dbb60}: Tree> (0x00000000893dbb60) 
thrown [t:\workspace\open\src\hotspot\share\classfile\systemDictionary.cpp, line 256]
Event: 1.337 Thread 0x000001d4a1993630 Exception <a 'java/lang/ClassNotFoundException'{0x00000000893dbed0}: javax/swing/JTreeCell> (0x00000000893dbed0) 
thrown [t:\workspace\open\src\hotspot\share\classfile\systemDictionary.cpp, line 256]
Event: 1.337 Thread 0x000001d4a1993630 Exception <a 'java/lang/ClassNotFoundException'{0x00000000893dc1d0}: TreeCell> (0x00000000893dc1d0) 
thrown [t:\workspace\open\src\hotspot\share\classfile\systemDictionary.cpp, line 256]
Event: 1.340 Thread 0x000001d4a1993630 Exception <a 'java/lang/ClassNotFoundException'{0x00000000893dc990}: RootPane> (0x00000000893dc990) 
thrown [t:\workspace\open\src\hotspot\share\classfile\systemDictionary.cpp, line 256]
Event: 1.353 Thread 0x000001d4a1993630 Exception <a 'java/lang/ClassNotFoundException'{0x00000000893df7e0}: com/sun/swing/internal/plaf/metal/resources/spi/metalProvider> (0x00000000893df7e0) 
thrown [t:\workspace\open\src\hotspot\share\classfile\systemDictionary.cpp, line 256]
Event: 1.361 Thread 0x000001d4a1993630 Exception <a 'java/lang/ClassNotFoundException'{0x00000000893e35a0}: com/sun/swing/internal/plaf/basic/resources/spi/basicProvider> (0x00000000893e35a0) 
thrown [t:\workspace\open\src\hotspot\share\classfile\systemDictionary.cpp, line 256]
Event: 1.986 Thread 0x000001d4bfff2940 Exception <a 'java/lang/ClassNotFoundException'{0x000000008929c8e0}: com/sun/swing/internal/plaf/synth/resources/spi/synthProvider> (0x000000008929c8e0) 
thrown [t:\workspace\open\src\hotspot\share\classfile\systemDictionary.cpp, line 256]
Event: 2.283 Thread 0x000001d4bff970a0 Exception <a 'java/lang/NoSuchMethodError'{0x0000000089452ce0}: 'void java.lang.invoke.DirectMethodHandle$Holder.invokeVirtual(java.lang.Object, java.lang.Object)'> (0x0000000089452ce0) 
thrown [t:\workspace\open\src\hotspot\share\interpreter\linkResolver.cpp, line 790]
Event: 2.377 Thread 0x000001d4bfff2940 Exception <a 'java/lang/NoSuchMethodError'{0x000000008913ff98}: 'void java.lang.invoke.DirectMethodHandle$Holder.invokeStaticInit(java.lang.Object)'> (0x000000008913ff98) 
thrown [t:\workspace\open\src\hotspot\share\interpreter\linkResolver.cpp, line 790]

Events (20 events):
Event: 2.600 loading class java/lang/annotation/Inherited done
Event: 2.600 loading class java/lang/annotation/RetentionPolicy
Event: 2.600 loading class java/lang/annotation/RetentionPolicy done
Event: 2.601 loading class sun/reflect/annotation/AnnotationTypeMismatchExceptionProxy
Event: 2.601 loading class sun/reflect/annotation/ExceptionProxy
Event: 2.601 loading class sun/reflect/annotation/ExceptionProxy done
Event: 2.601 loading class sun/reflect/annotation/AnnotationTypeMismatchExceptionProxy done
Event: 2.601 loading class sun/reflect/annotation/AnnotationParser$1
Event: 2.601 loading class sun/reflect/annotation/AnnotationParser$1 done
Event: 2.601 loading class sun/reflect/annotation/AnnotationInvocationHandler
Event: 2.601 loading class java/lang/reflect/InvocationHandler
Event: 2.601 loading class java/lang/reflect/InvocationHandler done
Event: 2.601 loading class sun/reflect/annotation/AnnotationInvocationHandler done
Event: 2.602 loading class java/lang/reflect/Proxy
Event: 2.602 loading class java/lang/reflect/Proxy done
Event: 2.602 loading class java/lang/reflect/Proxy$1
Event: 2.602 loading class java/lang/reflect/Proxy$1 done
Event: 2.602 loading class jdk/internal/loader/AbstractClassLoaderValue$Sub
Event: 2.602 loading class jdk/internal/loader/AbstractClassLoaderValue$Sub done
Event: 2.603 loading class java/lang/reflect/Proxy$ProxyBuilder


Dynamic libraries:
0x00007ff7dad20000 - 0x00007ff7dad30000 	C:\Program Files\Java\jdk-16.0.2\bin\java.exe
0x00007ff984d40000 - 0x00007ff984f30000 	C:\WINDOWS\SYSTEM32\ntdll.dll
0x00007ff982e10000 - 0x00007ff982ec2000 	C:\WINDOWS\System32\KERNEL32.DLL
0x00007ff981d80000 - 0x00007ff982025000 	C:\WINDOWS\System32\KERNELBASE.dll
0x00007ff982cf0000 - 0x00007ff982dea000 	C:\WINDOWS\System32\ucrtbase.dll
0x00007ff96f0d0000 - 0x00007ff96f0e8000 	C:\Program Files\Java\jdk-16.0.2\bin\jli.dll
0x00007ff972650000 - 0x00007ff972669000 	C:\Program Files\Java\jdk-16.0.2\bin\VCRUNTIME140.dll
0x00007ff983970000 - 0x00007ff983a13000 	C:\WINDOWS\System32\ADVAPI32.dll
0x00007ff9838d0000 - 0x00007ff98396e000 	C:\WINDOWS\System32\msvcrt.dll
0x00007ff983a20000 - 0x00007ff983ab7000 	C:\WINDOWS\System32\sechost.dll
0x00007ff9849f0000 - 0x00007ff984b0f000 	C:\WINDOWS\System32\RPCRT4.dll
0x00007ff984b20000 - 0x00007ff984cb4000 	C:\WINDOWS\System32\USER32.dll
0x00007ff982440000 - 0x00007ff982461000 	C:\WINDOWS\System32\win32u.dll
0x00007ff984cc0000 - 0x00007ff984ce6000 	C:\WINDOWS\System32\GDI32.dll
0x00007ff982080000 - 0x00007ff982218000 	C:\WINDOWS\System32\gdi32full.dll
0x00007ff982470000 - 0x00007ff98250e000 	C:\WINDOWS\System32\msvcp_win.dll
0x00007ff973370000 - 0x00007ff9735f4000 	C:\WINDOWS\WinSxS\amd64_microsoft.windows.common-controls_6595b64144ccf1df_6.0.18362.1556_none_9e7e372fe45e41d5\COMCTL32.dll
0x00007ff983590000 - 0x00007ff9838c6000 	C:\WINDOWS\System32\combase.dll
0x00007ff9823b0000 - 0x00007ff982431000 	C:\WINDOWS\System32\bcryptPrimitives.dll
0x00007ff96d5d0000 - 0x00007ff96d5da000 	C:\WINDOWS\SYSTEM32\VERSION.dll
0x00007ff9843b0000 - 0x00007ff9843de000 	C:\WINDOWS\System32\IMM32.DLL
0x00007ff97b6f0000 - 0x00007ff97b6fc000 	C:\Program Files\Java\jdk-16.0.2\bin\vcruntime140_1.dll
0x00007ff966250000 - 0x00007ff9662e1000 	C:\Program Files\Java\jdk-16.0.2\bin\msvcp140.dll
0x00007ff9275d0000 - 0x00007ff92817b000 	C:\Program Files\Java\jdk-16.0.2\bin\server\jvm.dll
0x00007ff984b10000 - 0x00007ff984b18000 	C:\WINDOWS\System32\PSAPI.DLL
0x00007ff97b7a0000 - 0x00007ff97b7a9000 	C:\WINDOWS\SYSTEM32\WSOCK32.dll
0x00007ff9848b0000 - 0x00007ff98491f000 	C:\WINDOWS\System32\WS2_32.dll
0x00007ff97f990000 - 0x00007ff97f9b4000 	C:\WINDOWS\SYSTEM32\WINMM.dll
0x00007ff97f860000 - 0x00007ff97f88d000 	C:\WINDOWS\SYSTEM32\WINMMBASE.dll
0x00007ff982030000 - 0x00007ff98207a000 	C:\WINDOWS\System32\cfgmgr32.dll
0x00007ff981c20000 - 0x00007ff981c31000 	C:\WINDOWS\System32\kernel.appcore.dll
0x00007ff97b500000 - 0x00007ff97b50a000 	C:\Program Files\Java\jdk-16.0.2\bin\jimage.dll
0x00007ff9736e0000 - 0x00007ff9738d4000 	C:\WINDOWS\SYSTEM32\DBGHELP.DLL
0x00007ff96b860000 - 0x00007ff96b88a000 	C:\WINDOWS\SYSTEM32\dbgcore.DLL
0x00007ff970440000 - 0x00007ff970465000 	C:\Program Files\Java\jdk-16.0.2\bin\java.dll
0x00007ff983b90000 - 0x00007ff984277000 	C:\WINDOWS\System32\SHELL32.dll
0x00007ff984800000 - 0x00007ff9848a8000 	C:\WINDOWS\System32\shcore.dll
0x00007ff982570000 - 0x00007ff982ceb000 	C:\WINDOWS\System32\windows.storage.dll
0x00007ff981c00000 - 0x00007ff981c1e000 	C:\WINDOWS\System32\profapi.dll
0x00007ff981c60000 - 0x00007ff981caa000 	C:\WINDOWS\System32\powrprof.dll
0x00007ff981bf0000 - 0x00007ff981c00000 	C:\WINDOWS\System32\UMPDC.dll
0x00007ff982ee0000 - 0x00007ff982f32000 	C:\WINDOWS\System32\shlwapi.dll
0x00007ff981cb0000 - 0x00007ff981cc7000 	C:\WINDOWS\System32\cryptsp.dll
0x00007ff9721d0000 - 0x00007ff9721e9000 	C:\Program Files\Java\jdk-16.0.2\bin\net.dll
0x00007ff976a80000 - 0x00007ff976b7a000 	C:\WINDOWS\SYSTEM32\WINHTTP.dll
0x00007ff9813d0000 - 0x00007ff981437000 	C:\WINDOWS\system32\mswsock.dll
0x00007ff972010000 - 0x00007ff972023000 	C:\Program Files\Java\jdk-16.0.2\bin\nio.dll
0x00007ff970490000 - 0x00007ff9704a8000 	C:\Program Files\Java\jdk-16.0.2\bin\zip.dll
0x00007ff95c400000 - 0x00007ff95c580000 	C:\Program Files\Java\jdk-16.0.2\bin\awt.dll
0x00007ff9842e0000 - 0x00007ff9843a5000 	C:\WINDOWS\System32\OLEAUT32.dll
0x00007ff97fac0000 - 0x00007ff97fb4f000 	C:\WINDOWS\SYSTEM32\apphelp.dll
0x00007ff97fc50000 - 0x00007ff97fce9000 	C:\WINDOWS\system32\uxtheme.dll
0x00007ff9846c0000 - 0x00007ff9847f5000 	C:\WINDOWS\System32\MSCTF.dll
0x00007ff982fc0000 - 0x00007ff983117000 	C:\WINDOWS\System32\ole32.dll
0x00007ff980070000 - 0x00007ff98009d000 	C:\WINDOWS\system32\DWMAPI.DLL
0x00007ff9661c0000 - 0x00007ff966249000 	C:\Program Files\Java\jdk-16.0.2\bin\freetype.dll
0x00007ff95a5f0000 - 0x00007ff95a6e6000 	C:\Program Files\Java\jdk-16.0.2\bin\harfbuzz.dll
0x00007ff9703b0000 - 0x00007ff9703c2000 	C:\Program Files\Java\jdk-16.0.2\bin\fontmanager.dll
0x00007ff962fb0000 - 0x00007ff963106000 	C:\WINDOWS\system32\opengl32.dll
0x00007ff96e850000 - 0x00007ff96e87c000 	C:\WINDOWS\SYSTEM32\GLU32.dll
0x00007ff980830000 - 0x00007ff980850000 	C:\WINDOWS\SYSTEM32\dxcore.dll
0x00007ff982220000 - 0x00007ff982246000 	C:\WINDOWS\System32\bcrypt.dll
0x00007ff97a580000 - 0x00007ff97a590000 	C:\Program Files\Java\jdk-16.0.2\bin\verify.dll

dbghelp: loaded successfully - version: 4.0.5 - missing functions: none
symbol engine: initialized successfully - sym options: 0x614 - pdb path: .;C:\Program Files\Java\jdk-16.0.2\bin;C:\WINDOWS\SYSTEM32;C:\WINDOWS\WinSxS\amd64_microsoft.windows.common-controls_6595b64144ccf1df_6.0.18362.1556_none_9e7e372fe45e41d5;C:\Program Files\Java\jdk-16.0.2\bin\server

VM Arguments:
java_command: UI.Home
java_class_path (initial): C:\Users\Owner\Desktop\Visual II\FinalProject\target\classes;C:\Users\Owner\.m2\repository\net\jacobpeterson\alpaca-java\8.3.3\alpaca-java-8.3.3.jar;C:\Users\Owner\.m2\repository\org\slf4j\slf4j-api\1.7.31\slf4j-api-1.7.31.jar;C:\Users\Owner\.m2\repository\org\slf4j\jcl-over-slf4j\1.7.31\jcl-over-slf4j-1.7.31.jar;C:\Users\Owner\.m2\repository\com\google\guava\guava\30.1.1-jre\guava-30.1.1-jre.jar;C:\Users\Owner\.m2\repository\com\google\guava\failureaccess\1.0.1\failureaccess-1.0.1.jar;C:\Users\Owner\.m2\repository\com\google\guava\listenablefuture\9999.0-empty-to-avoid-conflict-with-guava\listenablefuture-9999.0-empty-to-avoid-conflict-with-guava.jar;C:\Users\Owner\.m2\repository\com\google\code\findbugs\jsr305\3.0.2\jsr305-3.0.2.jar;C:\Users\Owner\.m2\repository\org\checkerframework\checker-qual\3.8.0\checker-qual-3.8.0.jar;C:\Users\Owner\.m2\repository\com\google\errorprone\error_prone_annotations\2.5.1\error_prone_annotations-2.5.1.jar;C:\Users\Owner\.m2\repository\com\google\j2objc\j2objc-annotations\1.3\j2objc-annotations-1.3.jar;C:\Users\Owner\.m2\repository\com\google\code\gson\gson\2.8.7\gson-2.8.7.jar;C:\Users\Owner\.m2\repository\com\squareup\okhttp3\okhttp\4.9.1\okhttp-4.9.1.jar;C:\Users\Owner\.m2\repository\com\squareup\okio\okio\2.8.0\okio-2.8.0.jar;C:\Users\Owner\.m2\repository\org\jetbrains\kotlin\kotlin-stdlib-common\1.4.0\kotlin-stdlib-common-1.4.0.jar;C:\Users\Owner\.m2\repository\org\jetbrains\kotlin\kotlin-stdlib\1.4.10\kotlin-stdlib-1.4.10.jar;C:\Users\Owner\.m2\repository\org\jetbrains\annotations\13.0\annotations-13.0.jar;C:\Users\Owner\.m2\repository\com\github\devcsrj\slf4j-okhttp3-logging-interceptor\1.0.1\slf4j-okhttp3-logging-interceptor-1.0.1.jar;C:\Users\Owner\.m2\repository\org\jsmpp\jsmpp-examples\2.3.11\jsmpp-examples-2.3.11.jar;C:\Users\Owner\.m2\repository\org\jsmpp\jsmpp\2.3.11\jsmpp-2.3.11.jar;C:\Users\Owner\.m2\repository\net\freeutils\jcharset\2.1\jcharset-2.1.jar;C:\Users\Owner\.m2\repository\org\
Launcher Type: SUN_STANDARD

[Global flags]
     intx CICompilerCount                          = 3                                         {product} {ergonomic}
     uint ConcGCThreads                            = 1                                         {product} {ergonomic}
     uint G1ConcRefinementThreads                  = 4                                         {product} {ergonomic}
   size_t G1HeapRegionSize                         = 1048576                                   {product} {ergonomic}
    uintx GCDrainStackTargetSize                   = 64                                        {product} {ergonomic}
   size_t InitialHeapSize                          = 134217728                                 {product} {ergonomic}
   size_t MarkStackSize                            = 4194304                                   {product} {ergonomic}
   size_t MaxHeapSize                              = 2122317824                                {product} {ergonomic}
   size_t MaxNewSize                               = 1272971264                                {product} {ergonomic}
   size_t MinHeapDeltaBytes                        = 1048576                                   {product} {ergonomic}
   size_t MinHeapSize                              = 8388608                                   {product} {ergonomic}
    uintx NonNMethodCodeHeapSize                   = 5832780                                {pd product} {ergonomic}
    uintx NonProfiledCodeHeapSize                  = 122912730                              {pd product} {ergonomic}
    uintx ProfiledCodeHeapSize                     = 122912730                              {pd product} {ergonomic}
    uintx ReservedCodeCacheSize                    = 251658240                              {pd product} {ergonomic}
     bool SegmentedCodeCache                       = true                                      {product} {ergonomic}
   size_t SoftMaxHeapSize                          = 2122317824                             {manageable} {ergonomic}
     bool UseCompressedClassPointers               = true                           {product lp64_product} {ergonomic}
     bool UseCompressedOops                        = true                           {product lp64_product} {ergonomic}
     bool UseG1GC                                  = true                                      {product} {ergonomic}
     bool UseLargePagesIndividualAllocation        = false                                  {pd product} {ergonomic}

Logging:
Log output configuration:
 #0: stdout all=warning uptime,level,tags
 #1: stderr all=off uptime,level,tags

Environment Variables:
JAVA_HOME=C:\Program Files\Java\jdk-16.0.2
PATH=C:\Program Files\Common Files\Oracle\Java\javapath;C:\WINDOWS\system32;C:\WINDOWS;C:\WINDOWS\System32\Wbem;C:\WINDOWS\System32\WindowsPowerShell\v1.0\;C:\WINDOWS\System32\OpenSSH\;C:\MinGW\bin;"C:\MinGW\msys\1.0\bin;";C:\Program Files\PuTTY\;C:\Users\Owner\AppData\Local\Microsoft\WindowsApps;C:\Users\Owner\Desktop\Microsoft VS Code\bin;C:\Users\Owner\AppData\Local\atom\bin
USERNAME=Owner
OS=Windows_NT
PROCESSOR_IDENTIFIER=Intel64 Family 6 Model 61 Stepping 4, GenuineIntel



---------------  S Y S T E M  ---------------

OS:
 Windows 10 , 64 bit Build 18362 (10.0.18362.1500)
OS uptime: 6 days 21:40 hours

CPU: total 4 (initial active 4) (2 cores per cpu, 2 threads per core) family 6 model 61 stepping 4 microcode 0x2f, cx8, cmov, fxsr, ht, mmx, 3dnowpref, sse, sse2, sse3, ssse3, sse4.1, sse4.2, popcnt, lzcnt, tsc, tscinvbit, avx, avx2, aes, erms, clmul, bmi1, bmi2, adx, fma, vzeroupper, clflush

Memory: 4k page, system-wide physical 8094M (1254M free)
TotalPageFile size 10366M (AvailPageFile size 6M)
current process WorkingSet (physical memory assigned to process): 58M, peak: 58M
current process commit charge ("private bytes"): 218M, peak: 219M

vm_info: Java HotSpot(TM) 64-Bit Server VM (16.0.2+7-67) for windows-amd64 JRE (16.0.2+7-67), built on Jun  8 2021 23:24:19 by "mach5one" with MS VC++ 16.7 (VS2019)

END.
